0 info it worked if it ends with ok
1 verbose cli [ '/usr/local/bin/node',
1 verbose cli   '/usr/local/bin/npm',
1 verbose cli   'install',
1 verbose cli   'grunt-cli',
1 verbose cli   '-g' ]
2 info using npm@3.10.10
3 info using node@v6.11.0
4 silly loadCurrentTree Starting
5 silly install loadCurrentTree
6 silly install readGlobalPackageData
7 silly fetchPackageMetaData grunt-cli
8 silly fetchNamedPackageData grunt-cli
9 silly mapToRegistry name grunt-cli
10 silly mapToRegistry using default registry
11 silly mapToRegistry registry https://registry.npmjs.org/
12 silly mapToRegistry data Result {
12 silly mapToRegistry   raw: 'grunt-cli',
12 silly mapToRegistry   scope: null,
12 silly mapToRegistry   escapedName: 'grunt-cli',
12 silly mapToRegistry   name: 'grunt-cli',
12 silly mapToRegistry   rawSpec: '',
12 silly mapToRegistry   spec: 'latest',
12 silly mapToRegistry   type: 'tag' }
13 silly mapToRegistry uri https://registry.npmjs.org/grunt-cli
14 verbose request uri https://registry.npmjs.org/grunt-cli
15 verbose request no auth needed
16 info attempt registry request try #1 at 9:29:16 PM
17 verbose request id 56680f974104daa6
18 http request GET https://registry.npmjs.org/grunt-cli
19 http 200 https://registry.npmjs.org/grunt-cli
20 verbose headers { 'content-type': 'application/json; charset=UTF-8',
20 verbose headers   server: 'UploadServer',
20 verbose headers   'cache-control': 'max-age=300',
20 verbose headers   'last-modified': 'Thu, 21 Dec 2017 19:05:23 GMT',
20 verbose headers   etag: '"5a3c05f3-8213"',
20 verbose headers   'content-encoding': 'gzip',
20 verbose headers   'content-length': '5805',
20 verbose headers   'accept-ranges': 'bytes',
20 verbose headers   date: 'Thu, 28 Dec 2017 02:29:25 GMT',
20 verbose headers   via: '1.1 varnish',
20 verbose headers   age: '5400',
20 verbose headers   connection: 'keep-alive',
20 verbose headers   'x-served-by': 'cache-ewr18125-EWR',
20 verbose headers   'x-cache': 'HIT',
20 verbose headers   'x-cache-hits': '15',
20 verbose headers   'x-timer': 'S1514428166.750857,VS0,VE0',
20 verbose headers   vary: 'Accept-Encoding, Accept' }
21 silly get cb [ 200,
21 silly get   { 'content-type': 'application/json; charset=UTF-8',
21 silly get     server: 'UploadServer',
21 silly get     'cache-control': 'max-age=300',
21 silly get     'last-modified': 'Thu, 21 Dec 2017 19:05:23 GMT',
21 silly get     etag: '"5a3c05f3-8213"',
21 silly get     'content-encoding': 'gzip',
21 silly get     'content-length': '5805',
21 silly get     'accept-ranges': 'bytes',
21 silly get     date: 'Thu, 28 Dec 2017 02:29:25 GMT',
21 silly get     via: '1.1 varnish',
21 silly get     age: '5400',
21 silly get     connection: 'keep-alive',
21 silly get     'x-served-by': 'cache-ewr18125-EWR',
21 silly get     'x-cache': 'HIT',
21 silly get     'x-cache-hits': '15',
21 silly get     'x-timer': 'S1514428166.750857,VS0,VE0',
21 silly get     vary: 'Accept-Encoding, Accept' } ]
22 verbose get saving grunt-cli to /Users/Felix/.npm/registry.npmjs.org/grunt-cli/.cache.json
23 verbose correctMkdir /Users/Felix/.npm correctMkdir not in flight; initializing
24 silly install normalizeTree
25 silly loadCurrentTree Finishing
26 silly loadIdealTree Starting
27 silly install loadIdealTree
28 silly cloneCurrentTree Starting
29 silly install cloneCurrentTreeToIdealTree
30 silly cloneCurrentTree Finishing
31 silly loadShrinkwrap Starting
32 silly install loadShrinkwrap
33 silly loadShrinkwrap Finishing
34 silly loadAllDepsIntoIdealTree Starting
35 silly install loadAllDepsIntoIdealTree
36 silly resolveWithNewModule grunt-cli@1.2.0 checking installable status
37 silly cache add args [ 'grunt-cli', null ]
38 verbose cache add spec grunt-cli
39 silly cache add parsed spec Result {
39 silly cache add   raw: 'grunt-cli',
39 silly cache add   scope: null,
39 silly cache add   escapedName: 'grunt-cli',
39 silly cache add   name: 'grunt-cli',
39 silly cache add   rawSpec: '',
39 silly cache add   spec: 'latest',
39 silly cache add   type: 'tag' }
40 silly addNamed grunt-cli@latest
41 verbose addNamed "latest" is being treated as a dist-tag for grunt-cli
42 info addNameTag [ 'grunt-cli', 'latest' ]
43 silly mapToRegistry name grunt-cli
44 silly mapToRegistry using default registry
45 silly mapToRegistry registry https://registry.npmjs.org/
46 silly mapToRegistry data Result {
46 silly mapToRegistry   raw: 'grunt-cli',
46 silly mapToRegistry   scope: null,
46 silly mapToRegistry   escapedName: 'grunt-cli',
46 silly mapToRegistry   name: 'grunt-cli',
46 silly mapToRegistry   rawSpec: '',
46 silly mapToRegistry   spec: 'latest',
46 silly mapToRegistry   type: 'tag' }
47 silly mapToRegistry uri https://registry.npmjs.org/grunt-cli
48 verbose addNameTag registry:https://registry.npmjs.org/grunt-cli not in flight; fetching
49 verbose get https://registry.npmjs.org/grunt-cli not expired, no request
50 silly addNameTag next cb for grunt-cli with tag latest
51 silly addNamed grunt-cli@1.2.0
52 verbose addNamed "1.2.0" is a plain semver version for grunt-cli
53 silly mapToRegistry name grunt-cli
54 silly mapToRegistry using default registry
55 silly mapToRegistry registry https://registry.npmjs.org/
56 silly mapToRegistry data Result {
56 silly mapToRegistry   raw: 'grunt-cli',
56 silly mapToRegistry   scope: null,
56 silly mapToRegistry   escapedName: 'grunt-cli',
56 silly mapToRegistry   name: 'grunt-cli',
56 silly mapToRegistry   rawSpec: '',
56 silly mapToRegistry   spec: 'latest',
56 silly mapToRegistry   type: 'tag' }
57 silly mapToRegistry uri https://registry.npmjs.org/grunt-cli
58 verbose addRemoteTarball https://registry.npmjs.org/grunt-cli/-/grunt-cli-1.2.0.tgz not in flight; adding
59 verbose addRemoteTarball [ 'https://registry.npmjs.org/grunt-cli/-/grunt-cli-1.2.0.tgz',
59 verbose addRemoteTarball   '562b119ebb069ddb464ace2845501be97b35b6a8' ]
60 info retry fetch attempt 1 at 9:29:28 PM
61 info attempt registry request try #1 at 9:29:28 PM
62 http fetch GET https://registry.npmjs.org/grunt-cli/-/grunt-cli-1.2.0.tgz
63 http fetch 200 https://registry.npmjs.org/grunt-cli/-/grunt-cli-1.2.0.tgz
64 silly fetchAndShaCheck shasum 562b119ebb069ddb464ace2845501be97b35b6a8
65 verbose addTmpTarball /var/folders/24/q8p3gsbs1075wjgw0jf2x2h00000gn/T/npm-6500-0a8ba454/registry.npmjs.org/grunt-cli/-/grunt-cli-1.2.0.tgz not in flight; adding
66 verbose addTmpTarball already have metadata; skipping unpack for grunt-cli@1.2.0
67 verbose correctMkdir /Users/Felix/.npm correctMkdir not in flight; initializing
68 silly cache afterAdd grunt-cli@1.2.0
69 verbose afterAdd /Users/Felix/.npm/grunt-cli/1.2.0/package/package.json not in flight; writing
70 verbose correctMkdir /Users/Felix/.npm correctMkdir not in flight; initializing
71 verbose afterAdd /Users/Felix/.npm/grunt-cli/1.2.0/package/package.json written
72 silly fetchNamedPackageData findup-sync
73 silly mapToRegistry name findup-sync
74 silly mapToRegistry using default registry
75 silly mapToRegistry registry https://registry.npmjs.org/
76 silly mapToRegistry data Result {
76 silly mapToRegistry   raw: 'findup-sync',
76 silly mapToRegistry   scope: null,
76 silly mapToRegistry   escapedName: 'findup-sync',
76 silly mapToRegistry   name: 'findup-sync',
76 silly mapToRegistry   rawSpec: '',
76 silly mapToRegistry   spec: 'latest',
76 silly mapToRegistry   type: 'tag' }
77 silly mapToRegistry uri https://registry.npmjs.org/findup-sync
78 silly fetchNamedPackageData grunt-known-options
79 silly mapToRegistry name grunt-known-options
80 silly mapToRegistry using default registry
81 silly mapToRegistry registry https://registry.npmjs.org/
82 silly mapToRegistry data Result {
82 silly mapToRegistry   raw: 'grunt-known-options',
82 silly mapToRegistry   scope: null,
82 silly mapToRegistry   escapedName: 'grunt-known-options',
82 silly mapToRegistry   name: 'grunt-known-options',
82 silly mapToRegistry   rawSpec: '',
82 silly mapToRegistry   spec: 'latest',
82 silly mapToRegistry   type: 'tag' }
83 silly mapToRegistry uri https://registry.npmjs.org/grunt-known-options
84 silly fetchNamedPackageData nopt
85 silly mapToRegistry name nopt
86 silly mapToRegistry using default registry
87 silly mapToRegistry registry https://registry.npmjs.org/
88 silly mapToRegistry data Result {
88 silly mapToRegistry   raw: 'nopt',
88 silly mapToRegistry   scope: null,
88 silly mapToRegistry   escapedName: 'nopt',
88 silly mapToRegistry   name: 'nopt',
88 silly mapToRegistry   rawSpec: '',
88 silly mapToRegistry   spec: 'latest',
88 silly mapToRegistry   type: 'tag' }
89 silly mapToRegistry uri https://registry.npmjs.org/nopt
90 silly fetchNamedPackageData resolve
91 silly mapToRegistry name resolve
92 silly mapToRegistry using default registry
93 silly mapToRegistry registry https://registry.npmjs.org/
94 silly mapToRegistry data Result {
94 silly mapToRegistry   raw: 'resolve',
94 silly mapToRegistry   scope: null,
94 silly mapToRegistry   escapedName: 'resolve',
94 silly mapToRegistry   name: 'resolve',
94 silly mapToRegistry   rawSpec: '',
94 silly mapToRegistry   spec: 'latest',
94 silly mapToRegistry   type: 'tag' }
95 silly mapToRegistry uri https://registry.npmjs.org/resolve
96 verbose request uri https://registry.npmjs.org/findup-sync
97 verbose request no auth needed
98 info attempt registry request try #1 at 9:29:39 PM
99 http request GET https://registry.npmjs.org/findup-sync
100 verbose request uri https://registry.npmjs.org/grunt-known-options
101 verbose request no auth needed
102 info attempt registry request try #1 at 9:29:39 PM
103 http request GET https://registry.npmjs.org/grunt-known-options
104 verbose request uri https://registry.npmjs.org/resolve
105 verbose request no auth needed
106 info attempt registry request try #1 at 9:29:39 PM
107 http request GET https://registry.npmjs.org/resolve
108 verbose request uri https://registry.npmjs.org/nopt
109 verbose request no auth needed
110 info attempt registry request try #1 at 9:29:39 PM
111 verbose etag "59e75913-848a"
112 verbose lastModified Wed, 18 Oct 2017 13:37:23 GMT
113 http request GET https://registry.npmjs.org/nopt
114 http 304 https://registry.npmjs.org/nopt
115 verbose headers { date: 'Thu, 28 Dec 2017 02:29:39 GMT',
115 verbose headers   via: '1.1 varnish',
115 verbose headers   'cache-control': 'max-age=300',
115 verbose headers   etag: '"59e75913-848a"',
115 verbose headers   age: '12267',
115 verbose headers   connection: 'keep-alive',
115 verbose headers   'x-served-by': 'cache-ewr18136-EWR',
115 verbose headers   'x-cache': 'HIT',
115 verbose headers   'x-cache-hits': '14',
115 verbose headers   'x-timer': 'S1514428180.761789,VS0,VE0',
115 verbose headers   vary: 'Accept-Encoding, Accept' }
116 silly get cb [ 304,
116 silly get   { date: 'Thu, 28 Dec 2017 02:29:39 GMT',
116 silly get     via: '1.1 varnish',
116 silly get     'cache-control': 'max-age=300',
116 silly get     etag: '"59e75913-848a"',
116 silly get     age: '12267',
116 silly get     connection: 'keep-alive',
116 silly get     'x-served-by': 'cache-ewr18136-EWR',
116 silly get     'x-cache': 'HIT',
116 silly get     'x-cache-hits': '14',
116 silly get     'x-timer': 'S1514428180.761789,VS0,VE0',
116 silly get     vary: 'Accept-Encoding, Accept' } ]
117 verbose etag https://registry.npmjs.org/nopt from cache
118 verbose get saving nopt to /Users/Felix/.npm/registry.npmjs.org/nopt/.cache.json
119 verbose correctMkdir /Users/Felix/.npm correctMkdir not in flight; initializing
120 silly resolveWithNewModule nopt@3.0.6 checking installable status
121 silly cache add args [ 'nopt@~3.0.6', null ]
122 verbose cache add spec nopt@~3.0.6
123 silly cache add parsed spec Result {
123 silly cache add   raw: 'nopt@~3.0.6',
123 silly cache add   scope: null,
123 silly cache add   escapedName: 'nopt',
123 silly cache add   name: 'nopt',
123 silly cache add   rawSpec: '~3.0.6',
123 silly cache add   spec: '>=3.0.6 <3.1.0',
123 silly cache add   type: 'range' }
124 silly addNamed nopt@>=3.0.6 <3.1.0
125 verbose addNamed ">=3.0.6 <3.1.0" is a valid semver range for nopt
126 silly addNameRange { name: 'nopt', range: '>=3.0.6 <3.1.0', hasData: false }
127 silly mapToRegistry name nopt
128 silly mapToRegistry using default registry
129 silly mapToRegistry registry https://registry.npmjs.org/
130 silly mapToRegistry data Result {
130 silly mapToRegistry   raw: 'nopt',
130 silly mapToRegistry   scope: null,
130 silly mapToRegistry   escapedName: 'nopt',
130 silly mapToRegistry   name: 'nopt',
130 silly mapToRegistry   rawSpec: '',
130 silly mapToRegistry   spec: 'latest',
130 silly mapToRegistry   type: 'tag' }
131 silly mapToRegistry uri https://registry.npmjs.org/nopt
132 verbose addNameRange registry:https://registry.npmjs.org/nopt not in flight; fetching
133 verbose get https://registry.npmjs.org/nopt not expired, no request
134 silly addNameRange number 2 { name: 'nopt', range: '>=3.0.6 <3.1.0', hasData: true }
135 silly addNameRange versions [ 'nopt',
135 silly addNameRange   [ '1.0.0',
135 silly addNameRange     '1.0.1',
135 silly addNameRange     '1.0.2',
135 silly addNameRange     '1.0.3',
135 silly addNameRange     '1.0.4',
135 silly addNameRange     '1.0.5',
135 silly addNameRange     '1.0.6',
135 silly addNameRange     '1.0.7',
135 silly addNameRange     '1.0.8',
135 silly addNameRange     '1.0.9',
135 silly addNameRange     '1.0.10',
135 silly addNameRange     '2.0.0',
135 silly addNameRange     '2.1.0',
135 silly addNameRange     '2.1.1',
135 silly addNameRange     '2.1.2',
135 silly addNameRange     '2.2.0',
135 silly addNameRange     '2.2.1',
135 silly addNameRange     '3.0.0',
135 silly addNameRange     '3.0.1',
135 silly addNameRange     '3.0.2',
135 silly addNameRange     '3.0.3',
135 silly addNameRange     '3.0.4',
135 silly addNameRange     '3.0.5',
135 silly addNameRange     '3.0.6',
135 silly addNameRange     '4.0.0',
135 silly addNameRange     '4.0.1' ] ]
136 silly addNamed nopt@3.0.6
137 verbose addNamed "3.0.6" is a plain semver version for nopt
138 silly cache afterAdd nopt@3.0.6
139 verbose afterAdd /Users/Felix/.npm/nopt/3.0.6/package/package.json not in flight; writing
140 verbose correctMkdir /Users/Felix/.npm correctMkdir not in flight; initializing
141 verbose afterAdd /Users/Felix/.npm/nopt/3.0.6/package/package.json written
142 http 200 https://registry.npmjs.org/resolve
143 verbose headers { 'content-type': 'application/json; charset=UTF-8',
143 verbose headers   server: 'UploadServer',
143 verbose headers   'cache-control': 'max-age=300',
143 verbose headers   'last-modified': 'Thu, 14 Dec 2017 2:22:35 GMT',
143 verbose headers   etag: '"5a31e06b-ef72"',
143 verbose headers   'content-encoding': 'gzip',
143 verbose headers   'content-length': '7855',
143 verbose headers   'accept-ranges': 'bytes',
143 verbose headers   date: 'Thu, 28 Dec 2017 02:29:39 GMT',
143 verbose headers   via: '1.1 varnish',
143 verbose headers   age: '10685',
143 verbose headers   connection: 'keep-alive',
143 verbose headers   'x-served-by': 'cache-ewr18127-EWR',
143 verbose headers   'x-cache': 'HIT',
143 verbose headers   'x-cache-hits': '10',
143 verbose headers   'x-timer': 'S1514428180.759839,VS0,VE0',
143 verbose headers   vary: 'Accept-Encoding, Accept' }
144 silly get cb [ 200,
144 silly get   { 'content-type': 'application/json; charset=UTF-8',
144 silly get     server: 'UploadServer',
144 silly get     'cache-control': 'max-age=300',
144 silly get     'last-modified': 'Thu, 14 Dec 2017 2:22:35 GMT',
144 silly get     etag: '"5a31e06b-ef72"',
144 silly get     'content-encoding': 'gzip',
144 silly get     'content-length': '7855',
144 silly get     'accept-ranges': 'bytes',
144 silly get     date: 'Thu, 28 Dec 2017 02:29:39 GMT',
144 silly get     via: '1.1 varnish',
144 silly get     age: '10685',
144 silly get     connection: 'keep-alive',
144 silly get     'x-served-by': 'cache-ewr18127-EWR',
144 silly get     'x-cache': 'HIT',
144 silly get     'x-cache-hits': '10',
144 silly get     'x-timer': 'S1514428180.759839,VS0,VE0',
144 silly get     vary: 'Accept-Encoding, Accept' } ]
145 verbose get saving resolve to /Users/Felix/.npm/registry.npmjs.org/resolve/.cache.json
146 verbose correctMkdir /Users/Felix/.npm correctMkdir not in flight; initializing
147 silly resolveWithNewModule resolve@1.1.7 checking installable status
148 silly cache add args [ 'resolve@~1.1.0', null ]
149 verbose cache add spec resolve@~1.1.0
150 silly cache add parsed spec Result {
150 silly cache add   raw: 'resolve@~1.1.0',
150 silly cache add   scope: null,
150 silly cache add   escapedName: 'resolve',
150 silly cache add   name: 'resolve',
150 silly cache add   rawSpec: '~1.1.0',
150 silly cache add   spec: '>=1.1.0 <1.2.0',
150 silly cache add   type: 'range' }
151 silly addNamed resolve@>=1.1.0 <1.2.0
152 verbose addNamed ">=1.1.0 <1.2.0" is a valid semver range for resolve
153 silly addNameRange { name: 'resolve', range: '>=1.1.0 <1.2.0', hasData: false }
154 silly mapToRegistry name resolve
155 silly mapToRegistry using default registry
156 silly mapToRegistry registry https://registry.npmjs.org/
157 silly mapToRegistry data Result {
157 silly mapToRegistry   raw: 'resolve',
157 silly mapToRegistry   scope: null,
157 silly mapToRegistry   escapedName: 'resolve',
157 silly mapToRegistry   name: 'resolve',
157 silly mapToRegistry   rawSpec: '',
157 silly mapToRegistry   spec: 'latest',
157 silly mapToRegistry   type: 'tag' }
158 silly mapToRegistry uri https://registry.npmjs.org/resolve
159 verbose addNameRange registry:https://registry.npmjs.org/resolve not in flight; fetching
160 verbose get https://registry.npmjs.org/resolve not expired, no request
161 silly addNameRange number 2 { name: 'resolve', range: '>=1.1.0 <1.2.0', hasData: true }
162 silly addNameRange versions [ 'resolve',
162 silly addNameRange   [ '0.0.0',
162 silly addNameRange     '0.0.1',
162 silly addNameRange     '0.0.2',
162 silly addNameRange     '0.0.3',
162 silly addNameRange     '0.0.4',
162 silly addNameRange     '0.1.0',
162 silly addNameRange     '0.1.2',
162 silly addNameRange     '0.1.3',
162 silly addNameRange     '0.2.0',
162 silly addNameRange     '0.2.1',
162 silly addNameRange     '0.2.2',
162 silly addNameRange     '0.2.3',
162 silly addNameRange     '0.2.4',
162 silly addNameRange     '0.2.5',
162 silly addNameRange     '0.2.6',
162 silly addNameRange     '0.2.7',
162 silly addNameRange     '0.2.8',
162 silly addNameRange     '0.3.0',
162 silly addNameRange     '0.3.1',
162 silly addNameRange     '0.4.0',
162 silly addNameRange     '0.4.1',
162 silly addNameRange     '0.4.2',
162 silly addNameRange     '0.4.3',
162 silly addNameRange     '0.5.0',
162 silly addNameRange     '0.5.1',
162 silly addNameRange     '0.6.0',
162 silly addNameRange     '0.6.1',
162 silly addNameRange     '0.6.2',
162 silly addNameRange     '0.6.3',
162 silly addNameRange     '0.7.0',
162 silly addNameRange     '0.7.1',
162 silly addNameRange     '0.7.2',
162 silly addNameRange     '0.7.3',
162 silly addNameRange     '0.7.4',
162 silly addNameRange     '1.0.0',
162 silly addNameRange     '1.1.0',
162 silly addNameRange     '1.1.2',
162 silly addNameRange     '1.1.3',
162 silly addNameRange     '1.1.4',
162 silly addNameRange     '1.1.5',
162 silly addNameRange     '1.1.6',
162 silly addNameRange     '1.1.7',
162 silly addNameRange     '1.2.0',
162 silly addNameRange     '1.3.0',
162 silly addNameRange     '1.3.1',
162 silly addNameRange     '1.2.1',
162 silly addNameRange     '1.3.2',
162 silly addNameRange     '1.3.3',
162 silly addNameRange     '1.4.0',
162 silly addNameRange     '1.5.0' ] ]
163 silly addNamed resolve@1.1.7
164 verbose addNamed "1.1.7" is a plain semver version for resolve
165 silly mapToRegistry name resolve
166 silly mapToRegistry using default registry
167 silly mapToRegistry registry https://registry.npmjs.org/
168 silly mapToRegistry data Result {
168 silly mapToRegistry   raw: 'resolve',
168 silly mapToRegistry   scope: null,
168 silly mapToRegistry   escapedName: 'resolve',
168 silly mapToRegistry   name: 'resolve',
168 silly mapToRegistry   rawSpec: '',
168 silly mapToRegistry   spec: 'latest',
168 silly mapToRegistry   type: 'tag' }
169 silly mapToRegistry uri https://registry.npmjs.org/resolve
170 verbose addRemoteTarball https://registry.npmjs.org/resolve/-/resolve-1.1.7.tgz not in flight; adding
171 verbose addRemoteTarball [ 'https://registry.npmjs.org/resolve/-/resolve-1.1.7.tgz',
171 verbose addRemoteTarball   '203114d82ad2c5ed9e8e0411b3932875e889e97b' ]
172 info retry fetch attempt 1 at 9:29:39 PM
173 info attempt registry request try #1 at 9:29:39 PM
174 http fetch GET https://registry.npmjs.org/resolve/-/resolve-1.1.7.tgz
175 http fetch 200 https://registry.npmjs.org/resolve/-/resolve-1.1.7.tgz
176 http 200 https://registry.npmjs.org/grunt-known-options
177 verbose headers { 'content-type': 'application/json; charset=UTF-8',
177 verbose headers   server: 'UploadServer',
177 verbose headers   'cache-control': 'max-age=300',
177 verbose headers   'last-modified': 'Tue, 29 Mar 2016 2:28:08 GMT',
177 verbose headers   etag: '"56f9e838-dcc"',
177 verbose headers   'content-encoding': 'gzip',
177 verbose headers   'content-length': '1010',
177 verbose headers   'accept-ranges': 'bytes',
177 verbose headers   date: 'Thu, 28 Dec 2017 02:29:39 GMT',
177 verbose headers   via: '1.1 varnish',
177 verbose headers   age: '11721',
177 verbose headers   connection: 'keep-alive',
177 verbose headers   'x-served-by': 'cache-ewr18138-EWR',
177 verbose headers   'x-cache': 'HIT',
177 verbose headers   'x-cache-hits': '1',
177 verbose headers   'x-timer': 'S1514428180.732305,VS0,VE0',
177 verbose headers   vary: 'Accept-Encoding, Accept' }
178 silly get cb [ 200,
178 silly get   { 'content-type': 'application/json; charset=UTF-8',
178 silly get     server: 'UploadServer',
178 silly get     'cache-control': 'max-age=300',
178 silly get     'last-modified': 'Tue, 29 Mar 2016 2:28:08 GMT',
178 silly get     etag: '"56f9e838-dcc"',
178 silly get     'content-encoding': 'gzip',
178 silly get     'content-length': '1010',
178 silly get     'accept-ranges': 'bytes',
178 silly get     date: 'Thu, 28 Dec 2017 02:29:39 GMT',
178 silly get     via: '1.1 varnish',
178 silly get     age: '11721',
178 silly get     connection: 'keep-alive',
178 silly get     'x-served-by': 'cache-ewr18138-EWR',
178 silly get     'x-cache': 'HIT',
178 silly get     'x-cache-hits': '1',
178 silly get     'x-timer': 'S1514428180.732305,VS0,VE0',
178 silly get     vary: 'Accept-Encoding, Accept' } ]
179 verbose get saving grunt-known-options to /Users/Felix/.npm/registry.npmjs.org/grunt-known-options/.cache.json
180 verbose correctMkdir /Users/Felix/.npm correctMkdir not in flight; initializing
181 silly resolveWithNewModule grunt-known-options@1.1.0 checking installable status
182 silly cache add args [ 'grunt-known-options@~1.1.0', null ]
183 verbose cache add spec grunt-known-options@~1.1.0
184 silly cache add parsed spec Result {
184 silly cache add   raw: 'grunt-known-options@~1.1.0',
184 silly cache add   scope: null,
184 silly cache add   escapedName: 'grunt-known-options',
184 silly cache add   name: 'grunt-known-options',
184 silly cache add   rawSpec: '~1.1.0',
184 silly cache add   spec: '>=1.1.0 <1.2.0',
184 silly cache add   type: 'range' }
185 silly addNamed grunt-known-options@>=1.1.0 <1.2.0
186 verbose addNamed ">=1.1.0 <1.2.0" is a valid semver range for grunt-known-options
187 silly addNameRange { name: 'grunt-known-options',
187 silly addNameRange   range: '>=1.1.0 <1.2.0',
187 silly addNameRange   hasData: false }
188 silly mapToRegistry name grunt-known-options
189 silly mapToRegistry using default registry
190 silly mapToRegistry registry https://registry.npmjs.org/
191 silly mapToRegistry data Result {
191 silly mapToRegistry   raw: 'grunt-known-options',
191 silly mapToRegistry   scope: null,
191 silly mapToRegistry   escapedName: 'grunt-known-options',
191 silly mapToRegistry   name: 'grunt-known-options',
191 silly mapToRegistry   rawSpec: '',
191 silly mapToRegistry   spec: 'latest',
191 silly mapToRegistry   type: 'tag' }
192 silly mapToRegistry uri https://registry.npmjs.org/grunt-known-options
193 verbose addNameRange registry:https://registry.npmjs.org/grunt-known-options not in flight; fetching
194 verbose get https://registry.npmjs.org/grunt-known-options not expired, no request
195 silly addNameRange number 2 { name: 'grunt-known-options',
195 silly addNameRange   range: '>=1.1.0 <1.2.0',
195 silly addNameRange   hasData: true }
196 silly addNameRange versions [ 'grunt-known-options', [ '1.0.0', '1.1.0' ] ]
197 silly addNamed grunt-known-options@1.1.0
198 verbose addNamed "1.1.0" is a plain semver version for grunt-known-options
199 silly mapToRegistry name grunt-known-options
200 silly mapToRegistry using default registry
201 silly mapToRegistry registry https://registry.npmjs.org/
202 silly mapToRegistry data Result {
202 silly mapToRegistry   raw: 'grunt-known-options',
202 silly mapToRegistry   scope: null,
202 silly mapToRegistry   escapedName: 'grunt-known-options',
202 silly mapToRegistry   name: 'grunt-known-options',
202 silly mapToRegistry   rawSpec: '',
202 silly mapToRegistry   spec: 'latest',
202 silly mapToRegistry   type: 'tag' }
203 silly mapToRegistry uri https://registry.npmjs.org/grunt-known-options
204 verbose addRemoteTarball https://registry.npmjs.org/grunt-known-options/-/grunt-known-options-1.1.0.tgz not in flight; adding
205 verbose addRemoteTarball [ 'https://registry.npmjs.org/grunt-known-options/-/grunt-known-options-1.1.0.tgz',
205 verbose addRemoteTarball   'a4274eeb32fa765da5a7a3b1712617ce3b144149' ]
206 info retry fetch attempt 1 at 9:29:41 PM
207 info attempt registry request try #1 at 9:29:41 PM
208 http fetch GET https://registry.npmjs.org/grunt-known-options/-/grunt-known-options-1.1.0.tgz
209 http fetch 200 https://registry.npmjs.org/grunt-known-options/-/grunt-known-options-1.1.0.tgz
210 silly fetchAndShaCheck shasum a4274eeb32fa765da5a7a3b1712617ce3b144149
211 verbose addTmpTarball /var/folders/24/q8p3gsbs1075wjgw0jf2x2h00000gn/T/npm-6500-0a8ba454/registry.npmjs.org/grunt-known-options/-/grunt-known-options-1.1.0.tgz not in flight; adding
212 verbose addTmpTarball already have metadata; skipping unpack for grunt-known-options@1.1.0
213 verbose correctMkdir /Users/Felix/.npm correctMkdir not in flight; initializing
214 silly cache afterAdd grunt-known-options@1.1.0
215 verbose afterAdd /Users/Felix/.npm/grunt-known-options/1.1.0/package/package.json not in flight; writing
216 verbose correctMkdir /Users/Felix/.npm correctMkdir not in flight; initializing
217 verbose afterAdd /Users/Felix/.npm/grunt-known-options/1.1.0/package/package.json written
218 silly fetchAndShaCheck shasum 203114d82ad2c5ed9e8e0411b3932875e889e97b
219 verbose addTmpTarball /var/folders/24/q8p3gsbs1075wjgw0jf2x2h00000gn/T/npm-6500-0a8ba454/registry.npmjs.org/resolve/-/resolve-1.1.7.tgz not in flight; adding
220 verbose addTmpTarball already have metadata; skipping unpack for resolve@1.1.7
221 verbose correctMkdir /Users/Felix/.npm correctMkdir not in flight; initializing
222 silly cache afterAdd resolve@1.1.7
223 verbose afterAdd /Users/Felix/.npm/resolve/1.1.7/package/package.json not in flight; writing
224 verbose correctMkdir /Users/Felix/.npm correctMkdir not in flight; initializing
225 verbose afterAdd /Users/Felix/.npm/resolve/1.1.7/package/package.json written
226 http 200 https://registry.npmjs.org/findup-sync
227 verbose headers { 'content-type': 'application/json; charset=UTF-8',
227 verbose headers   server: 'UploadServer',
227 verbose headers   'cache-control': 'max-age=300',
227 verbose headers   'last-modified': 'Wed, 20 Dec 2017 3:03:01 GMT',
227 verbose headers   etag: '"5a39d2e5-5991"',
227 verbose headers   'content-encoding': 'gzip',
227 verbose headers   'content-length': '3891',
227 verbose headers   'accept-ranges': 'bytes',
227 verbose headers   date: 'Thu, 28 Dec 2017 02:29:39 GMT',
227 verbose headers   via: '1.1 varnish',
227 verbose headers   age: '10135',
227 verbose headers   connection: 'keep-alive',
227 verbose headers   'x-served-by': 'cache-ewr18125-EWR',
227 verbose headers   'x-cache': 'HIT',
227 verbose headers   'x-cache-hits': '12',
227 verbose headers   'x-timer': 'S1514428180.655724,VS0,VE0',
227 verbose headers   vary: 'Accept-Encoding, Accept' }
228 silly get cb [ 200,
228 silly get   { 'content-type': 'application/json; charset=UTF-8',
228 silly get     server: 'UploadServer',
228 silly get     'cache-control': 'max-age=300',
228 silly get     'last-modified': 'Wed, 20 Dec 2017 3:03:01 GMT',
228 silly get     etag: '"5a39d2e5-5991"',
228 silly get     'content-encoding': 'gzip',
228 silly get     'content-length': '3891',
228 silly get     'accept-ranges': 'bytes',
228 silly get     date: 'Thu, 28 Dec 2017 02:29:39 GMT',
228 silly get     via: '1.1 varnish',
228 silly get     age: '10135',
228 silly get     connection: 'keep-alive',
228 silly get     'x-served-by': 'cache-ewr18125-EWR',
228 silly get     'x-cache': 'HIT',
228 silly get     'x-cache-hits': '12',
228 silly get     'x-timer': 'S1514428180.655724,VS0,VE0',
228 silly get     vary: 'Accept-Encoding, Accept' } ]
229 verbose get saving findup-sync to /Users/Felix/.npm/registry.npmjs.org/findup-sync/.cache.json
230 verbose correctMkdir /Users/Felix/.npm correctMkdir not in flight; initializing
231 silly resolveWithNewModule findup-sync@0.3.0 checking installable status
232 silly cache add args [ 'findup-sync@~0.3.0', null ]
233 verbose cache add spec findup-sync@~0.3.0
234 silly cache add parsed spec Result {
234 silly cache add   raw: 'findup-sync@~0.3.0',
234 silly cache add   scope: null,
234 silly cache add   escapedName: 'findup-sync',
234 silly cache add   name: 'findup-sync',
234 silly cache add   rawSpec: '~0.3.0',
234 silly cache add   spec: '>=0.3.0 <0.4.0',
234 silly cache add   type: 'range' }
235 silly addNamed findup-sync@>=0.3.0 <0.4.0
236 verbose addNamed ">=0.3.0 <0.4.0" is a valid semver range for findup-sync
237 silly addNameRange { name: 'findup-sync', range: '>=0.3.0 <0.4.0', hasData: false }
238 silly mapToRegistry name findup-sync
239 silly mapToRegistry using default registry
240 silly mapToRegistry registry https://registry.npmjs.org/
241 silly mapToRegistry data Result {
241 silly mapToRegistry   raw: 'findup-sync',
241 silly mapToRegistry   scope: null,
241 silly mapToRegistry   escapedName: 'findup-sync',
241 silly mapToRegistry   name: 'findup-sync',
241 silly mapToRegistry   rawSpec: '',
241 silly mapToRegistry   spec: 'latest',
241 silly mapToRegistry   type: 'tag' }
242 silly mapToRegistry uri https://registry.npmjs.org/findup-sync
243 verbose addNameRange registry:https://registry.npmjs.org/findup-sync not in flight; fetching
244 verbose get https://registry.npmjs.org/findup-sync not expired, no request
245 silly addNameRange number 2 { name: 'findup-sync', range: '>=0.3.0 <0.4.0', hasData: true }
246 silly addNameRange versions [ 'findup-sync',
246 silly addNameRange   [ '0.1.0',
246 silly addNameRange     '0.1.1',
246 silly addNameRange     '0.1.2',
246 silly addNameRange     '0.1.3',
246 silly addNameRange     '0.2.0',
246 silly addNameRange     '0.2.1',
246 silly addNameRange     '0.3.0',
246 silly addNameRange     '0.4.0',
246 silly addNameRange     '0.4.1',
246 silly addNameRange     '0.4.2',
246 silly addNameRange     '0.4.3',
246 silly addNameRange     '1.0.0',
246 silly addNameRange     '2.0.0' ] ]
247 silly addNamed findup-sync@0.3.0
248 verbose addNamed "0.3.0" is a plain semver version for findup-sync
249 silly mapToRegistry name findup-sync
250 silly mapToRegistry using default registry
251 silly mapToRegistry registry https://registry.npmjs.org/
252 silly mapToRegistry data Result {
252 silly mapToRegistry   raw: 'findup-sync',
252 silly mapToRegistry   scope: null,
252 silly mapToRegistry   escapedName: 'findup-sync',
252 silly mapToRegistry   name: 'findup-sync',
252 silly mapToRegistry   rawSpec: '',
252 silly mapToRegistry   spec: 'latest',
252 silly mapToRegistry   type: 'tag' }
253 silly mapToRegistry uri https://registry.npmjs.org/findup-sync
254 verbose addRemoteTarball https://registry.npmjs.org/findup-sync/-/findup-sync-0.3.0.tgz not in flight; adding
255 verbose addRemoteTarball [ 'https://registry.npmjs.org/findup-sync/-/findup-sync-0.3.0.tgz',
255 verbose addRemoteTarball   '37930aa5d816b777c03445e1966cc6790a4c0b16' ]
256 info retry fetch attempt 1 at 9:29:44 PM
257 info attempt registry request try #1 at 9:29:44 PM
258 http fetch GET https://registry.npmjs.org/findup-sync/-/findup-sync-0.3.0.tgz
259 http fetch 200 https://registry.npmjs.org/findup-sync/-/findup-sync-0.3.0.tgz
260 silly fetchAndShaCheck shasum 37930aa5d816b777c03445e1966cc6790a4c0b16
261 verbose addTmpTarball /var/folders/24/q8p3gsbs1075wjgw0jf2x2h00000gn/T/npm-6500-0a8ba454/registry.npmjs.org/findup-sync/-/findup-sync-0.3.0.tgz not in flight; adding
262 verbose addTmpTarball already have metadata; skipping unpack for findup-sync@0.3.0
263 verbose correctMkdir /Users/Felix/.npm correctMkdir not in flight; initializing
264 silly cache afterAdd findup-sync@0.3.0
265 verbose afterAdd /Users/Felix/.npm/findup-sync/0.3.0/package/package.json not in flight; writing
266 verbose correctMkdir /Users/Felix/.npm correctMkdir not in flight; initializing
267 verbose afterAdd /Users/Felix/.npm/findup-sync/0.3.0/package/package.json written
268 silly fetchNamedPackageData glob
269 silly mapToRegistry name glob
270 silly mapToRegistry using default registry
271 silly mapToRegistry registry https://registry.npmjs.org/
272 silly mapToRegistry data Result {
272 silly mapToRegistry   raw: 'glob',
272 silly mapToRegistry   scope: null,
272 silly mapToRegistry   escapedName: 'glob',
272 silly mapToRegistry   name: 'glob',
272 silly mapToRegistry   rawSpec: '',
272 silly mapToRegistry   spec: 'latest',
272 silly mapToRegistry   type: 'tag' }
273 silly mapToRegistry uri https://registry.npmjs.org/glob
274 verbose request uri https://registry.npmjs.org/glob
275 verbose request no auth needed
276 info attempt registry request try #1 at 9:29:44 PM
277 verbose etag "5a3bb919-200ef"
278 verbose lastModified Thu, 21 Dec 2017 13:37:29 GMT
279 http request GET https://registry.npmjs.org/glob
280 http 200 https://registry.npmjs.org/glob
281 verbose headers { 'content-type': 'application/json; charset=UTF-8',
281 verbose headers   server: 'UploadServer',
281 verbose headers   'cache-control': 'max-age=300',
281 verbose headers   'last-modified': 'Mon, 25 Dec 2017 9:04:34 GMT',
281 verbose headers   etag: '"5a40bf22-20100"',
281 verbose headers   'content-encoding': 'gzip',
281 verbose headers   'content-length': '18695',
281 verbose headers   'accept-ranges': 'bytes',
281 verbose headers   date: 'Thu, 28 Dec 2017 02:29:44 GMT',
281 verbose headers   via: '1.1 varnish',
281 verbose headers   age: '4919',
281 verbose headers   connection: 'keep-alive',
281 verbose headers   'x-served-by': 'cache-ewr18127-EWR',
281 verbose headers   'x-cache': 'HIT',
281 verbose headers   'x-cache-hits': '10',
281 verbose headers   'x-timer': 'S1514428185.835087,VS0,VE0',
281 verbose headers   vary: 'Accept-Encoding, Accept' }
282 silly get cb [ 200,
282 silly get   { 'content-type': 'application/json; charset=UTF-8',
282 silly get     server: 'UploadServer',
282 silly get     'cache-control': 'max-age=300',
282 silly get     'last-modified': 'Mon, 25 Dec 2017 9:04:34 GMT',
282 silly get     etag: '"5a40bf22-20100"',
282 silly get     'content-encoding': 'gzip',
282 silly get     'content-length': '18695',
282 silly get     'accept-ranges': 'bytes',
282 silly get     date: 'Thu, 28 Dec 2017 02:29:44 GMT',
282 silly get     via: '1.1 varnish',
282 silly get     age: '4919',
282 silly get     connection: 'keep-alive',
282 silly get     'x-served-by': 'cache-ewr18127-EWR',
282 silly get     'x-cache': 'HIT',
282 silly get     'x-cache-hits': '10',
282 silly get     'x-timer': 'S1514428185.835087,VS0,VE0',
282 silly get     vary: 'Accept-Encoding, Accept' } ]
283 verbose get saving glob to /Users/Felix/.npm/registry.npmjs.org/glob/.cache.json
284 verbose correctMkdir /Users/Felix/.npm correctMkdir not in flight; initializing
285 silly resolveWithNewModule glob@5.0.15 checking installable status
286 silly cache add args [ 'glob@~5.0.0', null ]
287 verbose cache add spec glob@~5.0.0
288 silly cache add parsed spec Result {
288 silly cache add   raw: 'glob@~5.0.0',
288 silly cache add   scope: null,
288 silly cache add   escapedName: 'glob',
288 silly cache add   name: 'glob',
288 silly cache add   rawSpec: '~5.0.0',
288 silly cache add   spec: '>=5.0.0 <5.1.0',
288 silly cache add   type: 'range' }
289 silly addNamed glob@>=5.0.0 <5.1.0
290 verbose addNamed ">=5.0.0 <5.1.0" is a valid semver range for glob
291 silly addNameRange { name: 'glob', range: '>=5.0.0 <5.1.0', hasData: false }
292 silly mapToRegistry name glob
293 silly mapToRegistry using default registry
294 silly mapToRegistry registry https://registry.npmjs.org/
295 silly mapToRegistry data Result {
295 silly mapToRegistry   raw: 'glob',
295 silly mapToRegistry   scope: null,
295 silly mapToRegistry   escapedName: 'glob',
295 silly mapToRegistry   name: 'glob',
295 silly mapToRegistry   rawSpec: '',
295 silly mapToRegistry   spec: 'latest',
295 silly mapToRegistry   type: 'tag' }
296 silly mapToRegistry uri https://registry.npmjs.org/glob
297 verbose addNameRange registry:https://registry.npmjs.org/glob not in flight; fetching
298 verbose get https://registry.npmjs.org/glob not expired, no request
299 silly addNameRange number 2 { name: 'glob', range: '>=5.0.0 <5.1.0', hasData: true }
300 silly addNameRange versions [ 'glob',
300 silly addNameRange   [ '1.1.0',
300 silly addNameRange     '2.0.9',
300 silly addNameRange     '2.0.8',
300 silly addNameRange     '2.0.7',
300 silly addNameRange     '2.1.0',
300 silly addNameRange     '3.0.0',
300 silly addNameRange     '3.0.1',
300 silly addNameRange     '3.1.0',
300 silly addNameRange     '3.1.1',
300 silly addNameRange     '3.1.2',
300 silly addNameRange     '3.1.3',
300 silly addNameRange     '3.1.4',
300 silly addNameRange     '3.1.5',
300 silly addNameRange     '3.1.6',
300 silly addNameRange     '3.1.7',
300 silly addNameRange     '3.1.9',
300 silly addNameRange     '3.1.10',
300 silly addNameRange     '3.1.11',
300 silly addNameRange     '3.1.12',
300 silly addNameRange     '3.1.13',
300 silly addNameRange     '3.1.14',
300 silly addNameRange     '3.1.15',
300 silly addNameRange     '3.1.16',
300 silly addNameRange     '3.1.17',
300 silly addNameRange     '3.1.18',
300 silly addNameRange     '3.1.19',
300 silly addNameRange     '3.1.20',
300 silly addNameRange     '3.1.21',
300 silly addNameRange     '3.2.0',
300 silly addNameRange     '3.2.1',
300 silly addNameRange     '3.2.3',
300 silly addNameRange     '3.2.4',
300 silly addNameRange     '3.2.5',
300 silly addNameRange     '3.2.6',
300 silly addNameRange     '3.2.7',
300 silly addNameRange     '3.2.8',
300 silly addNameRange     '3.2.9',
300 silly addNameRange     '3.2.10',
300 silly addNameRange     '3.2.11',
300 silly addNameRange     '4.0.0',
300 silly addNameRange     '4.0.1',
300 silly addNameRange     '4.0.2',
300 silly addNameRange     '4.0.3',
300 silly addNameRange     '4.0.4',
300 silly addNameRange     '4.0.5',
300 silly addNameRange     '4.0.6',
300 silly addNameRange     '4.1.2-beta',
300 silly addNameRange     '4.1.2',
300 silly addNameRange     '4.1.3',
300 silly addNameRange     '4.1.4',
300 silly addNameRange     '4.1.5',
300 silly addNameRange     '4.1.6',
300 silly addNameRange     '4.2.0',
300 silly addNameRange     '4.2.1',
300 silly addNameRange     '4.2.2',
300 silly addNameRange     '4.3.0',
300 silly addNameRange     '4.3.1',
300 silly addNameRange     '4.3.2',
300 silly addNameRange     '4.3.3',
300 silly addNameRange     '4.3.4',
300 silly addNameRange     '4.3.5',
300 silly addNameRange     '4.4.0',
300 silly addNameRange     '4.4.2',
300 silly addNameRange     '4.5.0',
300 silly addNameRange     '5.0.0',
300 silly addNameRange     '4.5.1',
300 silly addNameRange     '5.0.1',
300 silly addNameRange     '4.5.2',
300 silly addNameRange     '5.0.2',
300 silly addNameRange     '4.5.3',
300 silly addNameRange     '5.0.3',
300 silly addNameRange     '5.0.4',
300 silly addNameRange     '5.0.5',
300 silly addNameRange     '5.0.6',
300 silly addNameRange     '5.0.7',
300 silly addNameRange     '5.0.9',
300 silly addNameRange     '5.0.10',
300 silly addNameRange     '5.0.11',
300 silly addNameRange     '5.0.12',
300 silly addNameRange     '5.0.13',
300 silly addNameRange     '5.0.14',
300 silly addNameRange     '5.0.15',
300 silly addNameRange     '6.0.1',
300 silly addNameRange     '6.0.2',
300 silly addNameRange     '6.0.3',
300 silly addNameRange     '6.0.4',
300 silly addNameRange     '7.0.0',
300 silly addNameRange     '7.0.1',
300 silly addNameRange     '7.0.3',
300 silly addNameRange     '7.0.4',
300 silly addNameRange     '7.0.5',
300 silly addNameRange     '7.0.6',
300 silly addNameRange     '7.1.0',
300 silly addNameRange     '7.1.1',
300 silly addNameRange     '7.1.2' ] ]
301 silly addNamed glob@5.0.15
302 verbose addNamed "5.0.15" is a plain semver version for glob
303 silly mapToRegistry name glob
304 silly mapToRegistry using default registry
305 silly mapToRegistry registry https://registry.npmjs.org/
306 silly mapToRegistry data Result {
306 silly mapToRegistry   raw: 'glob',
306 silly mapToRegistry   scope: null,
306 silly mapToRegistry   escapedName: 'glob',
306 silly mapToRegistry   name: 'glob',
306 silly mapToRegistry   rawSpec: '',
306 silly mapToRegistry   spec: 'latest',
306 silly mapToRegistry   type: 'tag' }
307 silly mapToRegistry uri https://registry.npmjs.org/glob
308 verbose addRemoteTarball https://registry.npmjs.org/glob/-/glob-5.0.15.tgz not in flight; adding
309 verbose addRemoteTarball [ 'https://registry.npmjs.org/glob/-/glob-5.0.15.tgz',
309 verbose addRemoteTarball   '1bc936b9e02f4a603fcc222ecf7633d30b8b93b1' ]
310 info retry fetch attempt 1 at 9:29:48 PM
311 info attempt registry request try #1 at 9:29:48 PM
312 http fetch GET https://registry.npmjs.org/glob/-/glob-5.0.15.tgz
313 http fetch 200 https://registry.npmjs.org/glob/-/glob-5.0.15.tgz
314 silly fetchAndShaCheck shasum 1bc936b9e02f4a603fcc222ecf7633d30b8b93b1
315 verbose addTmpTarball /var/folders/24/q8p3gsbs1075wjgw0jf2x2h00000gn/T/npm-6500-0a8ba454/registry.npmjs.org/glob/-/glob-5.0.15.tgz not in flight; adding
316 verbose addTmpTarball already have metadata; skipping unpack for glob@5.0.15
317 verbose correctMkdir /Users/Felix/.npm correctMkdir not in flight; initializing
318 silly cache afterAdd glob@5.0.15
319 verbose afterAdd /Users/Felix/.npm/glob/5.0.15/package/package.json not in flight; writing
320 verbose correctMkdir /Users/Felix/.npm correctMkdir not in flight; initializing
321 verbose afterAdd /Users/Felix/.npm/glob/5.0.15/package/package.json written
322 silly fetchNamedPackageData inflight
323 silly mapToRegistry name inflight
324 silly mapToRegistry using default registry
325 silly mapToRegistry registry https://registry.npmjs.org/
326 silly mapToRegistry data Result {
326 silly mapToRegistry   raw: 'inflight',
326 silly mapToRegistry   scope: null,
326 silly mapToRegistry   escapedName: 'inflight',
326 silly mapToRegistry   name: 'inflight',
326 silly mapToRegistry   rawSpec: '',
326 silly mapToRegistry   spec: 'latest',
326 silly mapToRegistry   type: 'tag' }
327 silly mapToRegistry uri https://registry.npmjs.org/inflight
328 silly fetchNamedPackageData inherits
329 silly mapToRegistry name inherits
330 silly mapToRegistry using default registry
331 silly mapToRegistry registry https://registry.npmjs.org/
332 silly mapToRegistry data Result {
332 silly mapToRegistry   raw: 'inherits',
332 silly mapToRegistry   scope: null,
332 silly mapToRegistry   escapedName: 'inherits',
332 silly mapToRegistry   name: 'inherits',
332 silly mapToRegistry   rawSpec: '',
332 silly mapToRegistry   spec: 'latest',
332 silly mapToRegistry   type: 'tag' }
333 silly mapToRegistry uri https://registry.npmjs.org/inherits
334 silly fetchNamedPackageData minimatch
335 silly mapToRegistry name minimatch
336 silly mapToRegistry using default registry
337 silly mapToRegistry registry https://registry.npmjs.org/
338 silly mapToRegistry data Result {
338 silly mapToRegistry   raw: 'minimatch',
338 silly mapToRegistry   scope: null,
338 silly mapToRegistry   escapedName: 'minimatch',
338 silly mapToRegistry   name: 'minimatch',
338 silly mapToRegistry   rawSpec: '',
338 silly mapToRegistry   spec: 'latest',
338 silly mapToRegistry   type: 'tag' }
339 silly mapToRegistry uri https://registry.npmjs.org/minimatch
340 silly fetchNamedPackageData once
341 silly mapToRegistry name once
342 silly mapToRegistry using default registry
343 silly mapToRegistry registry https://registry.npmjs.org/
344 silly mapToRegistry data Result {
344 silly mapToRegistry   raw: 'once',
344 silly mapToRegistry   scope: null,
344 silly mapToRegistry   escapedName: 'once',
344 silly mapToRegistry   name: 'once',
344 silly mapToRegistry   rawSpec: '',
344 silly mapToRegistry   spec: 'latest',
344 silly mapToRegistry   type: 'tag' }
345 silly mapToRegistry uri https://registry.npmjs.org/once
346 silly fetchNamedPackageData path-is-absolute
347 silly mapToRegistry name path-is-absolute
348 silly mapToRegistry using default registry
349 silly mapToRegistry registry https://registry.npmjs.org/
350 silly mapToRegistry data Result {
350 silly mapToRegistry   raw: 'path-is-absolute',
350 silly mapToRegistry   scope: null,
350 silly mapToRegistry   escapedName: 'path-is-absolute',
350 silly mapToRegistry   name: 'path-is-absolute',
350 silly mapToRegistry   rawSpec: '',
350 silly mapToRegistry   spec: 'latest',
350 silly mapToRegistry   type: 'tag' }
351 silly mapToRegistry uri https://registry.npmjs.org/path-is-absolute
352 verbose request uri https://registry.npmjs.org/inherits
353 verbose request no auth needed
354 info attempt registry request try #1 at 9:29:50 PM
355 verbose etag "59efd16d-2246"
356 verbose lastModified Tue, 24 Oct 2017 23:49:01 GMT
357 http request GET https://registry.npmjs.org/inherits
358 verbose request uri https://registry.npmjs.org/minimatch
359 verbose request no auth needed
360 info attempt registry request try #1 at 9:29:50 PM
361 verbose etag "5a24fcca-d240"
362 verbose lastModified Mon, 4 Dec 2017 7:44:10 GMT
363 http request GET https://registry.npmjs.org/minimatch
364 verbose request uri https://registry.npmjs.org/once
365 verbose request no auth needed
366 info attempt registry request try #1 at 9:29:50 PM
367 verbose etag "59de3d83-25f6"
368 verbose lastModified Wed, 11 Oct 2017 15:49:23 GMT
369 http request GET https://registry.npmjs.org/once
370 verbose request uri https://registry.npmjs.org/inflight
371 verbose request no auth needed
372 info attempt registry request try #1 at 9:29:50 PM
373 verbose etag "59e14329-25b8"
374 verbose lastModified Fri, 13 Oct 2017 22:50:17 GMT
375 http request GET https://registry.npmjs.org/inflight
376 verbose request uri https://registry.npmjs.org/path-is-absolute
377 verbose request no auth needed
378 info attempt registry request try #1 at 9:29:50 PM
379 verbose etag "58e77292-133a"
380 verbose lastModified Fri, 7 Apr 2017 11:05:54 GMT
381 http request GET https://registry.npmjs.org/path-is-absolute
382 http 304 https://registry.npmjs.org/inherits
383 verbose headers { date: 'Thu, 28 Dec 2017 02:29:50 GMT',
383 verbose headers   via: '1.1 varnish',
383 verbose headers   'cache-control': 'max-age=300',
383 verbose headers   etag: '"59efd16d-2246"',
383 verbose headers   age: '1098',
383 verbose headers   connection: 'keep-alive',
383 verbose headers   'x-served-by': 'cache-ewr18125-EWR',
383 verbose headers   'x-cache': 'HIT',
383 verbose headers   'x-cache-hits': '30',
383 verbose headers   'x-timer': 'S1514428190.244613,VS0,VE0',
383 verbose headers   vary: 'Accept-Encoding, Accept' }
384 silly get cb [ 304,
384 silly get   { date: 'Thu, 28 Dec 2017 02:29:50 GMT',
384 silly get     via: '1.1 varnish',
384 silly get     'cache-control': 'max-age=300',
384 silly get     etag: '"59efd16d-2246"',
384 silly get     age: '1098',
384 silly get     connection: 'keep-alive',
384 silly get     'x-served-by': 'cache-ewr18125-EWR',
384 silly get     'x-cache': 'HIT',
384 silly get     'x-cache-hits': '30',
384 silly get     'x-timer': 'S1514428190.244613,VS0,VE0',
384 silly get     vary: 'Accept-Encoding, Accept' } ]
385 verbose etag https://registry.npmjs.org/inherits from cache
386 verbose get saving inherits to /Users/Felix/.npm/registry.npmjs.org/inherits/.cache.json
387 verbose correctMkdir /Users/Felix/.npm correctMkdir not in flight; initializing
388 silly resolveWithNewModule inherits@2.0.3 checking installable status
389 silly cache add args [ 'inherits@2', null ]
390 verbose cache add spec inherits@2
391 silly cache add parsed spec Result {
391 silly cache add   raw: 'inherits@2',
391 silly cache add   scope: null,
391 silly cache add   escapedName: 'inherits',
391 silly cache add   name: 'inherits',
391 silly cache add   rawSpec: '2',
391 silly cache add   spec: '>=2.0.0 <3.0.0',
391 silly cache add   type: 'range' }
392 silly addNamed inherits@>=2.0.0 <3.0.0
393 verbose addNamed ">=2.0.0 <3.0.0" is a valid semver range for inherits
394 silly addNameRange { name: 'inherits', range: '>=2.0.0 <3.0.0', hasData: false }
395 silly mapToRegistry name inherits
396 silly mapToRegistry using default registry
397 silly mapToRegistry registry https://registry.npmjs.org/
398 silly mapToRegistry data Result {
398 silly mapToRegistry   raw: 'inherits',
398 silly mapToRegistry   scope: null,
398 silly mapToRegistry   escapedName: 'inherits',
398 silly mapToRegistry   name: 'inherits',
398 silly mapToRegistry   rawSpec: '',
398 silly mapToRegistry   spec: 'latest',
398 silly mapToRegistry   type: 'tag' }
399 silly mapToRegistry uri https://registry.npmjs.org/inherits
400 verbose addNameRange registry:https://registry.npmjs.org/inherits not in flight; fetching
401 http 304 https://registry.npmjs.org/minimatch
402 verbose headers { date: 'Thu, 28 Dec 2017 02:29:50 GMT',
402 verbose headers   via: '1.1 varnish',
402 verbose headers   'cache-control': 'max-age=300',
402 verbose headers   etag: '"5a24fcca-d240"',
402 verbose headers   age: '13079',
402 verbose headers   connection: 'keep-alive',
402 verbose headers   'x-served-by': 'cache-ewr18138-EWR',
402 verbose headers   'x-cache': 'HIT',
402 verbose headers   'x-cache-hits': '76',
402 verbose headers   'x-timer': 'S1514428190.248893,VS0,VE0',
402 verbose headers   vary: 'Accept-Encoding, Accept' }
403 silly get cb [ 304,
403 silly get   { date: 'Thu, 28 Dec 2017 02:29:50 GMT',
403 silly get     via: '1.1 varnish',
403 silly get     'cache-control': 'max-age=300',
403 silly get     etag: '"5a24fcca-d240"',
403 silly get     age: '13079',
403 silly get     connection: 'keep-alive',
403 silly get     'x-served-by': 'cache-ewr18138-EWR',
403 silly get     'x-cache': 'HIT',
403 silly get     'x-cache-hits': '76',
403 silly get     'x-timer': 'S1514428190.248893,VS0,VE0',
403 silly get     vary: 'Accept-Encoding, Accept' } ]
404 verbose etag https://registry.npmjs.org/minimatch from cache
405 verbose get saving minimatch to /Users/Felix/.npm/registry.npmjs.org/minimatch/.cache.json
406 verbose correctMkdir /Users/Felix/.npm correctMkdir not in flight; initializing
407 http 304 https://registry.npmjs.org/once
408 verbose headers { date: 'Thu, 28 Dec 2017 02:29:50 GMT',
408 verbose headers   via: '1.1 varnish',
408 verbose headers   'cache-control': 'max-age=300',
408 verbose headers   etag: '"59de3d83-25f6"',
408 verbose headers   age: '10166',
408 verbose headers   connection: 'keep-alive',
408 verbose headers   'x-served-by': 'cache-ewr18127-EWR',
408 verbose headers   'x-cache': 'HIT',
408 verbose headers   'x-cache-hits': '26',
408 verbose headers   'x-timer': 'S1514428190.254181,VS0,VE0',
408 verbose headers   vary: 'Accept-Encoding, Accept' }
409 silly get cb [ 304,
409 silly get   { date: 'Thu, 28 Dec 2017 02:29:50 GMT',
409 silly get     via: '1.1 varnish',
409 silly get     'cache-control': 'max-age=300',
409 silly get     etag: '"59de3d83-25f6"',
409 silly get     age: '10166',
409 silly get     connection: 'keep-alive',
409 silly get     'x-served-by': 'cache-ewr18127-EWR',
409 silly get     'x-cache': 'HIT',
409 silly get     'x-cache-hits': '26',
409 silly get     'x-timer': 'S1514428190.254181,VS0,VE0',
409 silly get     vary: 'Accept-Encoding, Accept' } ]
410 verbose etag https://registry.npmjs.org/once from cache
411 verbose get saving once to /Users/Felix/.npm/registry.npmjs.org/once/.cache.json
412 verbose correctMkdir /Users/Felix/.npm correctMkdir not in flight; initializing
413 verbose get https://registry.npmjs.org/inherits not expired, no request
414 silly addNameRange number 2 { name: 'inherits', range: '>=2.0.0 <3.0.0', hasData: true }
415 silly addNameRange versions [ 'inherits',
415 silly addNameRange   [ '1.0.0', '2.0.0', '2.0.1', '1.0.1', '1.0.2', '2.0.3' ] ]
416 silly addNamed inherits@2.0.3
417 verbose addNamed "2.0.3" is a plain semver version for inherits
418 silly cache afterAdd inherits@2.0.3
419 verbose afterAdd /Users/Felix/.npm/inherits/2.0.3/package/package.json not in flight; writing
420 verbose correctMkdir /Users/Felix/.npm correctMkdir not in flight; initializing
421 silly resolveWithNewModule minimatch@3.0.4 checking installable status
422 silly cache add args [ 'minimatch@2 || 3', null ]
423 verbose cache add spec minimatch@2 || 3
424 silly cache add parsed spec Result {
424 silly cache add   raw: 'minimatch@2 || 3',
424 silly cache add   scope: null,
424 silly cache add   escapedName: 'minimatch',
424 silly cache add   name: 'minimatch',
424 silly cache add   rawSpec: '2 || 3',
424 silly cache add   spec: '>=2.0.0 <3.0.0||>=3.0.0 <4.0.0',
424 silly cache add   type: 'range' }
425 silly addNamed minimatch@>=2.0.0 <3.0.0||>=3.0.0 <4.0.0
426 verbose addNamed ">=2.0.0 <3.0.0||>=3.0.0 <4.0.0" is a valid semver range for minimatch
427 silly addNameRange { name: 'minimatch',
427 silly addNameRange   range: '>=2.0.0 <3.0.0||>=3.0.0 <4.0.0',
427 silly addNameRange   hasData: false }
428 silly mapToRegistry name minimatch
429 silly mapToRegistry using default registry
430 silly mapToRegistry registry https://registry.npmjs.org/
431 silly mapToRegistry data Result {
431 silly mapToRegistry   raw: 'minimatch',
431 silly mapToRegistry   scope: null,
431 silly mapToRegistry   escapedName: 'minimatch',
431 silly mapToRegistry   name: 'minimatch',
431 silly mapToRegistry   rawSpec: '',
431 silly mapToRegistry   spec: 'latest',
431 silly mapToRegistry   type: 'tag' }
432 silly mapToRegistry uri https://registry.npmjs.org/minimatch
433 verbose addNameRange registry:https://registry.npmjs.org/minimatch not in flight; fetching
434 http 304 https://registry.npmjs.org/inflight
435 verbose headers { date: 'Thu, 28 Dec 2017 02:29:50 GMT',
435 verbose headers   via: '1.1 varnish',
435 verbose headers   'cache-control': 'max-age=300',
435 verbose headers   etag: '"59e14329-25b8"',
435 verbose headers   age: '557',
435 verbose headers   connection: 'keep-alive',
435 verbose headers   'x-served-by': 'cache-ewr18136-EWR',
435 verbose headers   'x-cache': 'HIT',
435 verbose headers   'x-cache-hits': '2',
435 verbose headers   'x-timer': 'S1514428190.259174,VS0,VE0',
435 verbose headers   vary: 'Accept-Encoding, Accept' }
436 silly get cb [ 304,
436 silly get   { date: 'Thu, 28 Dec 2017 02:29:50 GMT',
436 silly get     via: '1.1 varnish',
436 silly get     'cache-control': 'max-age=300',
436 silly get     etag: '"59e14329-25b8"',
436 silly get     age: '557',
436 silly get     connection: 'keep-alive',
436 silly get     'x-served-by': 'cache-ewr18136-EWR',
436 silly get     'x-cache': 'HIT',
436 silly get     'x-cache-hits': '2',
436 silly get     'x-timer': 'S1514428190.259174,VS0,VE0',
436 silly get     vary: 'Accept-Encoding, Accept' } ]
437 verbose etag https://registry.npmjs.org/inflight from cache
438 verbose get saving inflight to /Users/Felix/.npm/registry.npmjs.org/inflight/.cache.json
439 verbose correctMkdir /Users/Felix/.npm correctMkdir not in flight; initializing
440 silly resolveWithNewModule once@1.4.0 checking installable status
441 silly cache add args [ 'once@^1.3.0', null ]
442 verbose cache add spec once@^1.3.0
443 silly cache add parsed spec Result {
443 silly cache add   raw: 'once@^1.3.0',
443 silly cache add   scope: null,
443 silly cache add   escapedName: 'once',
443 silly cache add   name: 'once',
443 silly cache add   rawSpec: '^1.3.0',
443 silly cache add   spec: '>=1.3.0 <2.0.0',
443 silly cache add   type: 'range' }
444 silly addNamed once@>=1.3.0 <2.0.0
445 verbose addNamed ">=1.3.0 <2.0.0" is a valid semver range for once
446 silly addNameRange { name: 'once', range: '>=1.3.0 <2.0.0', hasData: false }
447 silly mapToRegistry name once
448 silly mapToRegistry using default registry
449 silly mapToRegistry registry https://registry.npmjs.org/
450 silly mapToRegistry data Result {
450 silly mapToRegistry   raw: 'once',
450 silly mapToRegistry   scope: null,
450 silly mapToRegistry   escapedName: 'once',
450 silly mapToRegistry   name: 'once',
450 silly mapToRegistry   rawSpec: '',
450 silly mapToRegistry   spec: 'latest',
450 silly mapToRegistry   type: 'tag' }
451 silly mapToRegistry uri https://registry.npmjs.org/once
452 verbose addNameRange registry:https://registry.npmjs.org/once not in flight; fetching
453 verbose get https://registry.npmjs.org/minimatch not expired, no request
454 silly addNameRange number 2 { name: 'minimatch',
454 silly addNameRange   range: '>=2.0.0 <3.0.0||>=3.0.0 <4.0.0',
454 silly addNameRange   hasData: true }
455 silly addNameRange versions [ 'minimatch',
455 silly addNameRange   [ '0.0.1',
455 silly addNameRange     '0.0.2',
455 silly addNameRange     '0.0.4',
455 silly addNameRange     '0.0.5',
455 silly addNameRange     '0.1.1',
455 silly addNameRange     '0.1.2',
455 silly addNameRange     '0.1.3',
455 silly addNameRange     '0.1.4',
455 silly addNameRange     '0.1.5',
455 silly addNameRange     '0.2.0',
455 silly addNameRange     '0.2.2',
455 silly addNameRange     '0.2.3',
455 silly addNameRange     '0.2.4',
455 silly addNameRange     '0.2.5',
455 silly addNameRange     '0.2.6',
455 silly addNameRange     '0.2.7',
455 silly addNameRange     '0.2.8',
455 silly addNameRange     '0.2.9',
455 silly addNameRange     '0.2.10',
455 silly addNameRange     '0.2.11',
455 silly addNameRange     '0.2.12',
455 silly addNameRange     '0.2.13',
455 silly addNameRange     '0.2.14',
455 silly addNameRange     '0.3.0',
455 silly addNameRange     '0.4.0',
455 silly addNameRange     '1.0.0',
455 silly addNameRange     '2.0.0',
455 silly addNameRange     '2.0.1',
455 silly addNameRange     '2.0.2',
455 silly addNameRange     '2.0.3',
455 silly addNameRange     '2.0.4',
455 silly addNameRange     '2.0.5',
455 silly addNameRange     '2.0.6',
455 silly addNameRange     '2.0.7',
455 silly addNameRange     '2.0.8',
455 silly addNameRange     '2.0.9',
455 silly addNameRange     '2.0.10',
455 silly addNameRange     '3.0.0',
455 silly addNameRange     '3.0.2',
455 silly addNameRange     '3.0.3',
455 silly addNameRange     '3.0.4' ] ]
456 silly addNamed minimatch@3.0.4
457 verbose addNamed "3.0.4" is a plain semver version for minimatch
458 verbose get https://registry.npmjs.org/once not expired, no request
459 silly addNameRange number 2 { name: 'once', range: '>=1.3.0 <2.0.0', hasData: true }
460 silly addNameRange versions [ 'once',
460 silly addNameRange   [ '1.1.1', '1.2.0', '1.3.0', '1.3.1', '1.3.2', '1.3.3', '1.4.0' ] ]
461 silly addNamed once@1.4.0
462 verbose addNamed "1.4.0" is a plain semver version for once
463 verbose afterAdd /Users/Felix/.npm/inherits/2.0.3/package/package.json written
464 silly cache afterAdd minimatch@3.0.4
465 verbose afterAdd /Users/Felix/.npm/minimatch/3.0.4/package/package.json not in flight; writing
466 verbose correctMkdir /Users/Felix/.npm correctMkdir not in flight; initializing
467 silly cache afterAdd once@1.4.0
468 verbose afterAdd /Users/Felix/.npm/once/1.4.0/package/package.json not in flight; writing
469 verbose correctMkdir /Users/Felix/.npm correctMkdir not in flight; initializing
470 silly resolveWithNewModule inflight@1.0.6 checking installable status
471 silly cache add args [ 'inflight@^1.0.4', null ]
472 verbose cache add spec inflight@^1.0.4
473 silly cache add parsed spec Result {
473 silly cache add   raw: 'inflight@^1.0.4',
473 silly cache add   scope: null,
473 silly cache add   escapedName: 'inflight',
473 silly cache add   name: 'inflight',
473 silly cache add   rawSpec: '^1.0.4',
473 silly cache add   spec: '>=1.0.4 <2.0.0',
473 silly cache add   type: 'range' }
474 silly addNamed inflight@>=1.0.4 <2.0.0
475 verbose addNamed ">=1.0.4 <2.0.0" is a valid semver range for inflight
476 silly addNameRange { name: 'inflight', range: '>=1.0.4 <2.0.0', hasData: false }
477 silly mapToRegistry name inflight
478 silly mapToRegistry using default registry
479 silly mapToRegistry registry https://registry.npmjs.org/
480 silly mapToRegistry data Result {
480 silly mapToRegistry   raw: 'inflight',
480 silly mapToRegistry   scope: null,
480 silly mapToRegistry   escapedName: 'inflight',
480 silly mapToRegistry   name: 'inflight',
480 silly mapToRegistry   rawSpec: '',
480 silly mapToRegistry   spec: 'latest',
480 silly mapToRegistry   type: 'tag' }
481 silly mapToRegistry uri https://registry.npmjs.org/inflight
482 verbose addNameRange registry:https://registry.npmjs.org/inflight not in flight; fetching
483 verbose get https://registry.npmjs.org/inflight not expired, no request
484 silly addNameRange number 2 { name: 'inflight', range: '>=1.0.4 <2.0.0', hasData: true }
485 silly addNameRange versions [ 'inflight',
485 silly addNameRange   [ '1.0.0', '1.0.1', '1.0.2', '1.0.3', '1.0.4', '1.0.5', '1.0.6' ] ]
486 silly addNamed inflight@1.0.6
487 verbose addNamed "1.0.6" is a plain semver version for inflight
488 verbose afterAdd /Users/Felix/.npm/minimatch/3.0.4/package/package.json written
489 verbose afterAdd /Users/Felix/.npm/once/1.4.0/package/package.json written
490 silly cache afterAdd inflight@1.0.6
491 verbose afterAdd /Users/Felix/.npm/inflight/1.0.6/package/package.json not in flight; writing
492 verbose correctMkdir /Users/Felix/.npm correctMkdir not in flight; initializing
493 verbose afterAdd /Users/Felix/.npm/inflight/1.0.6/package/package.json written
494 http 304 https://registry.npmjs.org/path-is-absolute
495 verbose headers { date: 'Thu, 28 Dec 2017 02:29:50 GMT',
495 verbose headers   via: '1.1 varnish',
495 verbose headers   'cache-control': 'max-age=300',
495 verbose headers   etag: '"58e77292-133a"',
495 verbose headers   age: '11317',
495 verbose headers   connection: 'keep-alive',
495 verbose headers   'x-served-by': 'cache-ewr18141-EWR',
495 verbose headers   'x-cache': 'HIT',
495 verbose headers   'x-cache-hits': '56',
495 verbose headers   'x-timer': 'S1514428190.396792,VS0,VE0',
495 verbose headers   vary: 'Accept-Encoding, Accept' }
496 silly get cb [ 304,
496 silly get   { date: 'Thu, 28 Dec 2017 02:29:50 GMT',
496 silly get     via: '1.1 varnish',
496 silly get     'cache-control': 'max-age=300',
496 silly get     etag: '"58e77292-133a"',
496 silly get     age: '11317',
496 silly get     connection: 'keep-alive',
496 silly get     'x-served-by': 'cache-ewr18141-EWR',
496 silly get     'x-cache': 'HIT',
496 silly get     'x-cache-hits': '56',
496 silly get     'x-timer': 'S1514428190.396792,VS0,VE0',
496 silly get     vary: 'Accept-Encoding, Accept' } ]
497 verbose etag https://registry.npmjs.org/path-is-absolute from cache
498 verbose get saving path-is-absolute to /Users/Felix/.npm/registry.npmjs.org/path-is-absolute/.cache.json
499 verbose correctMkdir /Users/Felix/.npm correctMkdir not in flight; initializing
500 silly resolveWithNewModule path-is-absolute@1.0.1 checking installable status
501 silly cache add args [ 'path-is-absolute@^1.0.0', null ]
502 verbose cache add spec path-is-absolute@^1.0.0
503 silly cache add parsed spec Result {
503 silly cache add   raw: 'path-is-absolute@^1.0.0',
503 silly cache add   scope: null,
503 silly cache add   escapedName: 'path-is-absolute',
503 silly cache add   name: 'path-is-absolute',
503 silly cache add   rawSpec: '^1.0.0',
503 silly cache add   spec: '>=1.0.0 <2.0.0',
503 silly cache add   type: 'range' }
504 silly addNamed path-is-absolute@>=1.0.0 <2.0.0
505 verbose addNamed ">=1.0.0 <2.0.0" is a valid semver range for path-is-absolute
506 silly addNameRange { name: 'path-is-absolute',
506 silly addNameRange   range: '>=1.0.0 <2.0.0',
506 silly addNameRange   hasData: false }
507 silly mapToRegistry name path-is-absolute
508 silly mapToRegistry using default registry
509 silly mapToRegistry registry https://registry.npmjs.org/
510 silly mapToRegistry data Result {
510 silly mapToRegistry   raw: 'path-is-absolute',
510 silly mapToRegistry   scope: null,
510 silly mapToRegistry   escapedName: 'path-is-absolute',
510 silly mapToRegistry   name: 'path-is-absolute',
510 silly mapToRegistry   rawSpec: '',
510 silly mapToRegistry   spec: 'latest',
510 silly mapToRegistry   type: 'tag' }
511 silly mapToRegistry uri https://registry.npmjs.org/path-is-absolute
512 verbose addNameRange registry:https://registry.npmjs.org/path-is-absolute not in flight; fetching
513 verbose get https://registry.npmjs.org/path-is-absolute not expired, no request
514 silly addNameRange number 2 { name: 'path-is-absolute',
514 silly addNameRange   range: '>=1.0.0 <2.0.0',
514 silly addNameRange   hasData: true }
515 silly addNameRange versions [ 'path-is-absolute', [ '1.0.0', '1.0.1' ] ]
516 silly addNamed path-is-absolute@1.0.1
517 verbose addNamed "1.0.1" is a plain semver version for path-is-absolute
518 silly cache afterAdd path-is-absolute@1.0.1
519 verbose afterAdd /Users/Felix/.npm/path-is-absolute/1.0.1/package/package.json not in flight; writing
520 verbose correctMkdir /Users/Felix/.npm correctMkdir not in flight; initializing
521 verbose afterAdd /Users/Felix/.npm/path-is-absolute/1.0.1/package/package.json written
522 silly fetchNamedPackageData wrappy
523 silly mapToRegistry name wrappy
524 silly mapToRegistry using default registry
525 silly mapToRegistry registry https://registry.npmjs.org/
526 silly mapToRegistry data Result {
526 silly mapToRegistry   raw: 'wrappy',
526 silly mapToRegistry   scope: null,
526 silly mapToRegistry   escapedName: 'wrappy',
526 silly mapToRegistry   name: 'wrappy',
526 silly mapToRegistry   rawSpec: '',
526 silly mapToRegistry   spec: 'latest',
526 silly mapToRegistry   type: 'tag' }
527 silly mapToRegistry uri https://registry.npmjs.org/wrappy
528 verbose request uri https://registry.npmjs.org/wrappy
529 verbose request no auth needed
530 info attempt registry request try #1 at 9:29:50 PM
531 verbose etag "59444755-11a6"
532 verbose lastModified Fri, 16 Jun 2017 21:02:13 GMT
533 http request GET https://registry.npmjs.org/wrappy
534 http 304 https://registry.npmjs.org/wrappy
535 verbose headers { date: 'Thu, 28 Dec 2017 02:29:50 GMT',
535 verbose headers   via: '1.1 varnish',
535 verbose headers   'cache-control': 'max-age=300',
535 verbose headers   etag: '"59444755-11a6"',
535 verbose headers   age: '1238',
535 verbose headers   connection: 'keep-alive',
535 verbose headers   'x-served-by': 'cache-ewr18125-EWR',
535 verbose headers   'x-cache': 'HIT',
535 verbose headers   'x-cache-hits': '3',
535 verbose headers   'x-timer': 'S1514428190.452993,VS0,VE0',
535 verbose headers   vary: 'Accept-Encoding, Accept' }
536 silly get cb [ 304,
536 silly get   { date: 'Thu, 28 Dec 2017 02:29:50 GMT',
536 silly get     via: '1.1 varnish',
536 silly get     'cache-control': 'max-age=300',
536 silly get     etag: '"59444755-11a6"',
536 silly get     age: '1238',
536 silly get     connection: 'keep-alive',
536 silly get     'x-served-by': 'cache-ewr18125-EWR',
536 silly get     'x-cache': 'HIT',
536 silly get     'x-cache-hits': '3',
536 silly get     'x-timer': 'S1514428190.452993,VS0,VE0',
536 silly get     vary: 'Accept-Encoding, Accept' } ]
537 verbose etag https://registry.npmjs.org/wrappy from cache
538 verbose get saving wrappy to /Users/Felix/.npm/registry.npmjs.org/wrappy/.cache.json
539 verbose correctMkdir /Users/Felix/.npm correctMkdir not in flight; initializing
540 silly resolveWithNewModule wrappy@1.0.2 checking installable status
541 silly cache add args [ 'wrappy@1', null ]
542 verbose cache add spec wrappy@1
543 silly cache add parsed spec Result {
543 silly cache add   raw: 'wrappy@1',
543 silly cache add   scope: null,
543 silly cache add   escapedName: 'wrappy',
543 silly cache add   name: 'wrappy',
543 silly cache add   rawSpec: '1',
543 silly cache add   spec: '>=1.0.0 <2.0.0',
543 silly cache add   type: 'range' }
544 silly addNamed wrappy@>=1.0.0 <2.0.0
545 verbose addNamed ">=1.0.0 <2.0.0" is a valid semver range for wrappy
546 silly addNameRange { name: 'wrappy', range: '>=1.0.0 <2.0.0', hasData: false }
547 silly mapToRegistry name wrappy
548 silly mapToRegistry using default registry
549 silly mapToRegistry registry https://registry.npmjs.org/
550 silly mapToRegistry data Result {
550 silly mapToRegistry   raw: 'wrappy',
550 silly mapToRegistry   scope: null,
550 silly mapToRegistry   escapedName: 'wrappy',
550 silly mapToRegistry   name: 'wrappy',
550 silly mapToRegistry   rawSpec: '',
550 silly mapToRegistry   spec: 'latest',
550 silly mapToRegistry   type: 'tag' }
551 silly mapToRegistry uri https://registry.npmjs.org/wrappy
552 verbose addNameRange registry:https://registry.npmjs.org/wrappy not in flight; fetching
553 verbose get https://registry.npmjs.org/wrappy not expired, no request
554 silly addNameRange number 2 { name: 'wrappy', range: '>=1.0.0 <2.0.0', hasData: true }
555 silly addNameRange versions [ 'wrappy', [ '1.0.0', '1.0.1', '1.0.2' ] ]
556 silly addNamed wrappy@1.0.2
557 verbose addNamed "1.0.2" is a plain semver version for wrappy
558 silly cache afterAdd wrappy@1.0.2
559 verbose afterAdd /Users/Felix/.npm/wrappy/1.0.2/package/package.json not in flight; writing
560 verbose correctMkdir /Users/Felix/.npm correctMkdir not in flight; initializing
561 verbose afterAdd /Users/Felix/.npm/wrappy/1.0.2/package/package.json written
562 silly fetchNamedPackageData brace-expansion
563 silly mapToRegistry name brace-expansion
564 silly mapToRegistry using default registry
565 silly mapToRegistry registry https://registry.npmjs.org/
566 silly mapToRegistry data Result {
566 silly mapToRegistry   raw: 'brace-expansion',
566 silly mapToRegistry   scope: null,
566 silly mapToRegistry   escapedName: 'brace-expansion',
566 silly mapToRegistry   name: 'brace-expansion',
566 silly mapToRegistry   rawSpec: '',
566 silly mapToRegistry   spec: 'latest',
566 silly mapToRegistry   type: 'tag' }
567 silly mapToRegistry uri https://registry.npmjs.org/brace-expansion
568 verbose request uri https://registry.npmjs.org/brace-expansion
569 verbose request no auth needed
570 info attempt registry request try #1 at 9:29:50 PM
571 verbose etag "595b97db-595c"
572 verbose lastModified Tue, 4 Jul 2017 13:27:55 GMT
573 http request GET https://registry.npmjs.org/brace-expansion
574 http 304 https://registry.npmjs.org/brace-expansion
575 verbose headers { date: 'Thu, 28 Dec 2017 02:29:50 GMT',
575 verbose headers   via: '1.1 varnish',
575 verbose headers   'cache-control': 'max-age=300',
575 verbose headers   etag: '"595b97db-595c"',
575 verbose headers   age: '1599',
575 verbose headers   connection: 'keep-alive',
575 verbose headers   'x-served-by': 'cache-ewr18138-EWR',
575 verbose headers   'x-cache': 'HIT',
575 verbose headers   'x-cache-hits': '8',
575 verbose headers   'x-timer': 'S1514428191.506102,VS0,VE0',
575 verbose headers   vary: 'Accept-Encoding, Accept' }
576 silly get cb [ 304,
576 silly get   { date: 'Thu, 28 Dec 2017 02:29:50 GMT',
576 silly get     via: '1.1 varnish',
576 silly get     'cache-control': 'max-age=300',
576 silly get     etag: '"595b97db-595c"',
576 silly get     age: '1599',
576 silly get     connection: 'keep-alive',
576 silly get     'x-served-by': 'cache-ewr18138-EWR',
576 silly get     'x-cache': 'HIT',
576 silly get     'x-cache-hits': '8',
576 silly get     'x-timer': 'S1514428191.506102,VS0,VE0',
576 silly get     vary: 'Accept-Encoding, Accept' } ]
577 verbose etag https://registry.npmjs.org/brace-expansion from cache
578 verbose get saving brace-expansion to /Users/Felix/.npm/registry.npmjs.org/brace-expansion/.cache.json
579 verbose correctMkdir /Users/Felix/.npm correctMkdir not in flight; initializing
580 silly resolveWithNewModule brace-expansion@1.1.8 checking installable status
581 silly cache add args [ 'brace-expansion@^1.1.7', null ]
582 verbose cache add spec brace-expansion@^1.1.7
583 silly cache add parsed spec Result {
583 silly cache add   raw: 'brace-expansion@^1.1.7',
583 silly cache add   scope: null,
583 silly cache add   escapedName: 'brace-expansion',
583 silly cache add   name: 'brace-expansion',
583 silly cache add   rawSpec: '^1.1.7',
583 silly cache add   spec: '>=1.1.7 <2.0.0',
583 silly cache add   type: 'range' }
584 silly addNamed brace-expansion@>=1.1.7 <2.0.0
585 verbose addNamed ">=1.1.7 <2.0.0" is a valid semver range for brace-expansion
586 silly addNameRange { name: 'brace-expansion',
586 silly addNameRange   range: '>=1.1.7 <2.0.0',
586 silly addNameRange   hasData: false }
587 silly mapToRegistry name brace-expansion
588 silly mapToRegistry using default registry
589 silly mapToRegistry registry https://registry.npmjs.org/
590 silly mapToRegistry data Result {
590 silly mapToRegistry   raw: 'brace-expansion',
590 silly mapToRegistry   scope: null,
590 silly mapToRegistry   escapedName: 'brace-expansion',
590 silly mapToRegistry   name: 'brace-expansion',
590 silly mapToRegistry   rawSpec: '',
590 silly mapToRegistry   spec: 'latest',
590 silly mapToRegistry   type: 'tag' }
591 silly mapToRegistry uri https://registry.npmjs.org/brace-expansion
592 verbose addNameRange registry:https://registry.npmjs.org/brace-expansion not in flight; fetching
593 verbose get https://registry.npmjs.org/brace-expansion not expired, no request
594 silly addNameRange number 2 { name: 'brace-expansion',
594 silly addNameRange   range: '>=1.1.7 <2.0.0',
594 silly addNameRange   hasData: true }
595 silly addNameRange versions [ 'brace-expansion',
595 silly addNameRange   [ '0.0.0',
595 silly addNameRange     '1.0.0',
595 silly addNameRange     '1.0.1',
595 silly addNameRange     '1.1.0',
595 silly addNameRange     '1.1.1',
595 silly addNameRange     '1.1.2',
595 silly addNameRange     '1.1.3',
595 silly addNameRange     '1.1.4',
595 silly addNameRange     '1.1.5',
595 silly addNameRange     '1.1.6',
595 silly addNameRange     '1.1.7',
595 silly addNameRange     '1.1.8' ] ]
596 silly addNamed brace-expansion@1.1.8
597 verbose addNamed "1.1.8" is a plain semver version for brace-expansion
598 silly cache afterAdd brace-expansion@1.1.8
599 verbose afterAdd /Users/Felix/.npm/brace-expansion/1.1.8/package/package.json not in flight; writing
600 verbose correctMkdir /Users/Felix/.npm correctMkdir not in flight; initializing
601 verbose afterAdd /Users/Felix/.npm/brace-expansion/1.1.8/package/package.json written
602 silly fetchNamedPackageData balanced-match
603 silly mapToRegistry name balanced-match
604 silly mapToRegistry using default registry
605 silly mapToRegistry registry https://registry.npmjs.org/
606 silly mapToRegistry data Result {
606 silly mapToRegistry   raw: 'balanced-match',
606 silly mapToRegistry   scope: null,
606 silly mapToRegistry   escapedName: 'balanced-match',
606 silly mapToRegistry   name: 'balanced-match',
606 silly mapToRegistry   rawSpec: '',
606 silly mapToRegistry   spec: 'latest',
606 silly mapToRegistry   type: 'tag' }
607 silly mapToRegistry uri https://registry.npmjs.org/balanced-match
608 silly fetchNamedPackageData concat-map
609 silly mapToRegistry name concat-map
610 silly mapToRegistry using default registry
611 silly mapToRegistry registry https://registry.npmjs.org/
612 silly mapToRegistry data Result {
612 silly mapToRegistry   raw: 'concat-map',
612 silly mapToRegistry   scope: null,
612 silly mapToRegistry   escapedName: 'concat-map',
612 silly mapToRegistry   name: 'concat-map',
612 silly mapToRegistry   rawSpec: '',
612 silly mapToRegistry   spec: 'latest',
612 silly mapToRegistry   type: 'tag' }
613 silly mapToRegistry uri https://registry.npmjs.org/concat-map
614 verbose request uri https://registry.npmjs.org/balanced-match
615 verbose request no auth needed
616 info attempt registry request try #1 at 9:29:50 PM
617 verbose etag "59428b1a-476d"
618 verbose lastModified Thu, 15 Jun 2017 13:26:50 GMT
619 http request GET https://registry.npmjs.org/balanced-match
620 verbose request uri https://registry.npmjs.org/concat-map
621 verbose request no auth needed
622 info attempt registry request try #1 at 9:29:50 PM
623 verbose etag "52e9c1bb-f3a"
624 verbose lastModified Thu, 30 Jan 2014 3:06:35 GMT
625 http request GET https://registry.npmjs.org/concat-map
626 http 304 https://registry.npmjs.org/balanced-match
627 verbose headers { date: 'Thu, 28 Dec 2017 02:29:50 GMT',
627 verbose headers   via: '1.1 varnish',
627 verbose headers   'cache-control': 'max-age=300',
627 verbose headers   etag: '"59428b1a-476d"',
627 verbose headers   age: '1604',
627 verbose headers   connection: 'keep-alive',
627 verbose headers   'x-served-by': 'cache-ewr18127-EWR',
627 verbose headers   'x-cache': 'HIT',
627 verbose headers   'x-cache-hits': '13',
627 verbose headers   'x-timer': 'S1514428191.555518,VS0,VE0',
627 verbose headers   vary: 'Accept-Encoding, Accept' }
628 silly get cb [ 304,
628 silly get   { date: 'Thu, 28 Dec 2017 02:29:50 GMT',
628 silly get     via: '1.1 varnish',
628 silly get     'cache-control': 'max-age=300',
628 silly get     etag: '"59428b1a-476d"',
628 silly get     age: '1604',
628 silly get     connection: 'keep-alive',
628 silly get     'x-served-by': 'cache-ewr18127-EWR',
628 silly get     'x-cache': 'HIT',
628 silly get     'x-cache-hits': '13',
628 silly get     'x-timer': 'S1514428191.555518,VS0,VE0',
628 silly get     vary: 'Accept-Encoding, Accept' } ]
629 verbose etag https://registry.npmjs.org/balanced-match from cache
630 verbose get saving balanced-match to /Users/Felix/.npm/registry.npmjs.org/balanced-match/.cache.json
631 verbose correctMkdir /Users/Felix/.npm correctMkdir not in flight; initializing
632 http 304 https://registry.npmjs.org/concat-map
633 verbose headers { date: 'Thu, 28 Dec 2017 02:29:50 GMT',
633 verbose headers   via: '1.1 varnish',
633 verbose headers   'cache-control': 'max-age=300',
633 verbose headers   etag: '"52e9c1bb-f3a"',
633 verbose headers   age: '1084',
633 verbose headers   connection: 'keep-alive',
633 verbose headers   'x-served-by': 'cache-ewr18136-EWR',
633 verbose headers   'x-cache': 'HIT',
633 verbose headers   'x-cache-hits': '2',
633 verbose headers   'x-timer': 'S1514428191.559003,VS0,VE0',
633 verbose headers   vary: 'Accept-Encoding, Accept' }
634 silly get cb [ 304,
634 silly get   { date: 'Thu, 28 Dec 2017 02:29:50 GMT',
634 silly get     via: '1.1 varnish',
634 silly get     'cache-control': 'max-age=300',
634 silly get     etag: '"52e9c1bb-f3a"',
634 silly get     age: '1084',
634 silly get     connection: 'keep-alive',
634 silly get     'x-served-by': 'cache-ewr18136-EWR',
634 silly get     'x-cache': 'HIT',
634 silly get     'x-cache-hits': '2',
634 silly get     'x-timer': 'S1514428191.559003,VS0,VE0',
634 silly get     vary: 'Accept-Encoding, Accept' } ]
635 verbose etag https://registry.npmjs.org/concat-map from cache
636 verbose get saving concat-map to /Users/Felix/.npm/registry.npmjs.org/concat-map/.cache.json
637 verbose correctMkdir /Users/Felix/.npm correctMkdir not in flight; initializing
638 silly resolveWithNewModule concat-map@0.0.1 checking installable status
639 silly cache add args [ 'concat-map@0.0.1', null ]
640 verbose cache add spec concat-map@0.0.1
641 silly cache add parsed spec Result {
641 silly cache add   raw: 'concat-map@0.0.1',
641 silly cache add   scope: null,
641 silly cache add   escapedName: 'concat-map',
641 silly cache add   name: 'concat-map',
641 silly cache add   rawSpec: '0.0.1',
641 silly cache add   spec: '0.0.1',
641 silly cache add   type: 'version' }
642 silly addNamed concat-map@0.0.1
643 verbose addNamed "0.0.1" is a plain semver version for concat-map
644 silly mapToRegistry name concat-map
645 silly mapToRegistry using default registry
646 silly mapToRegistry registry https://registry.npmjs.org/
647 silly mapToRegistry data Result {
647 silly mapToRegistry   raw: 'concat-map',
647 silly mapToRegistry   scope: null,
647 silly mapToRegistry   escapedName: 'concat-map',
647 silly mapToRegistry   name: 'concat-map',
647 silly mapToRegistry   rawSpec: '',
647 silly mapToRegistry   spec: 'latest',
647 silly mapToRegistry   type: 'tag' }
648 silly mapToRegistry uri https://registry.npmjs.org/concat-map
649 verbose addNameVersion registry:https://registry.npmjs.org/concat-map not in flight; fetching
650 silly resolveWithNewModule balanced-match@1.0.0 checking installable status
651 silly cache add args [ 'balanced-match@^1.0.0', null ]
652 verbose cache add spec balanced-match@^1.0.0
653 silly cache add parsed spec Result {
653 silly cache add   raw: 'balanced-match@^1.0.0',
653 silly cache add   scope: null,
653 silly cache add   escapedName: 'balanced-match',
653 silly cache add   name: 'balanced-match',
653 silly cache add   rawSpec: '^1.0.0',
653 silly cache add   spec: '>=1.0.0 <2.0.0',
653 silly cache add   type: 'range' }
654 silly addNamed balanced-match@>=1.0.0 <2.0.0
655 verbose addNamed ">=1.0.0 <2.0.0" is a valid semver range for balanced-match
656 silly addNameRange { name: 'balanced-match',
656 silly addNameRange   range: '>=1.0.0 <2.0.0',
656 silly addNameRange   hasData: false }
657 silly mapToRegistry name balanced-match
658 silly mapToRegistry using default registry
659 silly mapToRegistry registry https://registry.npmjs.org/
660 silly mapToRegistry data Result {
660 silly mapToRegistry   raw: 'balanced-match',
660 silly mapToRegistry   scope: null,
660 silly mapToRegistry   escapedName: 'balanced-match',
660 silly mapToRegistry   name: 'balanced-match',
660 silly mapToRegistry   rawSpec: '',
660 silly mapToRegistry   spec: 'latest',
660 silly mapToRegistry   type: 'tag' }
661 silly mapToRegistry uri https://registry.npmjs.org/balanced-match
662 verbose addNameRange registry:https://registry.npmjs.org/balanced-match not in flight; fetching
663 verbose get https://registry.npmjs.org/concat-map not expired, no request
664 verbose get https://registry.npmjs.org/balanced-match not expired, no request
665 silly addNameRange number 2 { name: 'balanced-match',
665 silly addNameRange   range: '>=1.0.0 <2.0.0',
665 silly addNameRange   hasData: true }
666 silly addNameRange versions [ 'balanced-match',
666 silly addNameRange   [ '0.0.0',
666 silly addNameRange     '0.0.1',
666 silly addNameRange     '0.1.0',
666 silly addNameRange     '0.2.0',
666 silly addNameRange     '0.2.1',
666 silly addNameRange     '0.3.0',
666 silly addNameRange     '0.4.0',
666 silly addNameRange     '0.4.1',
666 silly addNameRange     '0.4.2',
666 silly addNameRange     '1.0.0' ] ]
667 silly addNamed balanced-match@1.0.0
668 verbose addNamed "1.0.0" is a plain semver version for balanced-match
669 silly cache afterAdd concat-map@0.0.1
670 verbose afterAdd /Users/Felix/.npm/concat-map/0.0.1/package/package.json not in flight; writing
671 verbose correctMkdir /Users/Felix/.npm correctMkdir not in flight; initializing
672 silly cache afterAdd balanced-match@1.0.0
673 verbose afterAdd /Users/Felix/.npm/balanced-match/1.0.0/package/package.json not in flight; writing
674 verbose correctMkdir /Users/Felix/.npm correctMkdir not in flight; initializing
675 verbose afterAdd /Users/Felix/.npm/balanced-match/1.0.0/package/package.json written
676 verbose afterAdd /Users/Felix/.npm/concat-map/0.0.1/package/package.json written
677 silly fetchNamedPackageData abbrev
678 silly mapToRegistry name abbrev
679 silly mapToRegistry using default registry
680 silly mapToRegistry registry https://registry.npmjs.org/
681 silly mapToRegistry data Result {
681 silly mapToRegistry   raw: 'abbrev',
681 silly mapToRegistry   scope: null,
681 silly mapToRegistry   escapedName: 'abbrev',
681 silly mapToRegistry   name: 'abbrev',
681 silly mapToRegistry   rawSpec: '',
681 silly mapToRegistry   spec: 'latest',
681 silly mapToRegistry   type: 'tag' }
682 silly mapToRegistry uri https://registry.npmjs.org/abbrev
683 verbose request uri https://registry.npmjs.org/abbrev
684 verbose request no auth needed
685 info attempt registry request try #1 at 9:29:50 PM
686 verbose etag "59cc62b1-23b4"
687 verbose lastModified Thu, 28 Sep 2017 2:47:13 GMT
688 http request GET https://registry.npmjs.org/abbrev
689 http 304 https://registry.npmjs.org/abbrev
690 verbose headers { date: 'Thu, 28 Dec 2017 02:29:50 GMT',
690 verbose headers   via: '1.1 varnish',
690 verbose headers   'cache-control': 'max-age=300',
690 verbose headers   etag: '"59cc62b1-23b4"',
690 verbose headers   age: '12278',
690 verbose headers   connection: 'keep-alive',
690 verbose headers   'x-served-by': 'cache-ewr18141-EWR',
690 verbose headers   'x-cache': 'HIT',
690 verbose headers   'x-cache-hits': '12',
690 verbose headers   'x-timer': 'S1514428191.618338,VS0,VE0',
690 verbose headers   vary: 'Accept-Encoding, Accept' }
691 silly get cb [ 304,
691 silly get   { date: 'Thu, 28 Dec 2017 02:29:50 GMT',
691 silly get     via: '1.1 varnish',
691 silly get     'cache-control': 'max-age=300',
691 silly get     etag: '"59cc62b1-23b4"',
691 silly get     age: '12278',
691 silly get     connection: 'keep-alive',
691 silly get     'x-served-by': 'cache-ewr18141-EWR',
691 silly get     'x-cache': 'HIT',
691 silly get     'x-cache-hits': '12',
691 silly get     'x-timer': 'S1514428191.618338,VS0,VE0',
691 silly get     vary: 'Accept-Encoding, Accept' } ]
692 verbose etag https://registry.npmjs.org/abbrev from cache
693 verbose get saving abbrev to /Users/Felix/.npm/registry.npmjs.org/abbrev/.cache.json
694 verbose correctMkdir /Users/Felix/.npm correctMkdir not in flight; initializing
695 silly resolveWithNewModule abbrev@1.1.1 checking installable status
696 silly cache add args [ 'abbrev@1', null ]
697 verbose cache add spec abbrev@1
698 silly cache add parsed spec Result {
698 silly cache add   raw: 'abbrev@1',
698 silly cache add   scope: null,
698 silly cache add   escapedName: 'abbrev',
698 silly cache add   name: 'abbrev',
698 silly cache add   rawSpec: '1',
698 silly cache add   spec: '>=1.0.0 <2.0.0',
698 silly cache add   type: 'range' }
699 silly addNamed abbrev@>=1.0.0 <2.0.0
700 verbose addNamed ">=1.0.0 <2.0.0" is a valid semver range for abbrev
701 silly addNameRange { name: 'abbrev', range: '>=1.0.0 <2.0.0', hasData: false }
702 silly mapToRegistry name abbrev
703 silly mapToRegistry using default registry
704 silly mapToRegistry registry https://registry.npmjs.org/
705 silly mapToRegistry data Result {
705 silly mapToRegistry   raw: 'abbrev',
705 silly mapToRegistry   scope: null,
705 silly mapToRegistry   escapedName: 'abbrev',
705 silly mapToRegistry   name: 'abbrev',
705 silly mapToRegistry   rawSpec: '',
705 silly mapToRegistry   spec: 'latest',
705 silly mapToRegistry   type: 'tag' }
706 silly mapToRegistry uri https://registry.npmjs.org/abbrev
707 verbose addNameRange registry:https://registry.npmjs.org/abbrev not in flight; fetching
708 verbose get https://registry.npmjs.org/abbrev not expired, no request
709 silly addNameRange number 2 { name: 'abbrev', range: '>=1.0.0 <2.0.0', hasData: true }
710 silly addNameRange versions [ 'abbrev',
710 silly addNameRange   [ '1.0.3',
710 silly addNameRange     '1.0.4',
710 silly addNameRange     '1.0.5',
710 silly addNameRange     '1.0.6',
710 silly addNameRange     '1.0.7',
710 silly addNameRange     '1.0.9',
710 silly addNameRange     '1.1.0',
710 silly addNameRange     '1.1.1' ] ]
711 silly addNamed abbrev@1.1.1
712 verbose addNamed "1.1.1" is a plain semver version for abbrev
713 silly cache afterAdd abbrev@1.1.1
714 verbose afterAdd /Users/Felix/.npm/abbrev/1.1.1/package/package.json not in flight; writing
715 verbose correctMkdir /Users/Felix/.npm correctMkdir not in flight; initializing
716 verbose afterAdd /Users/Felix/.npm/abbrev/1.1.1/package/package.json written
717 silly loadAllDepsIntoIdealTree Finishing
718 silly loadIdealTree Finishing
719 silly currentTree lib
720 silly idealTree lib
720 silly idealTree  grunt-cli@1.2.0
720 silly idealTree    abbrev@1.1.1
720 silly idealTree    balanced-match@1.0.0
720 silly idealTree    brace-expansion@1.1.8
720 silly idealTree    concat-map@0.0.1
720 silly idealTree    findup-sync@0.3.0
720 silly idealTree    glob@5.0.15
720 silly idealTree    grunt-known-options@1.1.0
720 silly idealTree    inflight@1.0.6
720 silly idealTree    inherits@2.0.3
720 silly idealTree    minimatch@3.0.4
720 silly idealTree    nopt@3.0.6
720 silly idealTree    once@1.4.0
720 silly idealTree    path-is-absolute@1.0.1
720 silly idealTree    resolve@1.1.7
720 silly idealTree    wrappy@1.0.2
721 silly generateActionsToTake Starting
722 silly install generateActionsToTake
723 warn checkPermissions Missing write access to /usr/local/lib/node_modules
724 silly rollbackFailedOptional Starting
725 silly rollbackFailedOptional Finishing
726 silly runTopLevelLifecycles Finishing
727 silly install printInstalled
728 verbose stack Error: EACCES: permission denied, access '/usr/local/lib/node_modules'
728 verbose stack     at Error (native)
729 verbose cwd /Users/Felix/Desktop/NodeJS/CommunityEvent
730 error Darwin 16.7.0
731 error argv "/usr/local/bin/node" "/usr/local/bin/npm" "install" "grunt-cli" "-g"
732 error node v6.11.0
733 error npm  v3.10.10
734 error path /usr/local/lib/node_modules
735 error code EACCES
736 error errno -13
737 error syscall access
738 error Error: EACCES: permission denied, access '/usr/local/lib/node_modules'
738 error     at Error (native)
738 error  { Error: EACCES: permission denied, access '/usr/local/lib/node_modules'
738 error     at Error (native)
738 error   errno: -13,
738 error   code: 'EACCES',
738 error   syscall: 'access',
738 error   path: '/usr/local/lib/node_modules' }
739 error Please try running this command again as root/Administrator.
740 verbose exit [ -13, true ]
